2016-10-24 16:42:10,189 [AWT-EventQueue-0] ERROR DefaultDiagramUI - DefaultDiagramUI.createHandle:
java.lang.NullPointerException
	at oracle.dbtools.crest.swingui.diagram.graph.EdgeView$EdgeHandle.reloadPoints(EdgeView.java:546)
	at oracle.dbtools.crest.swingui.diagram.graph.EdgeView$EdgeHandle.<init>(EdgeView.java:540)
	at oracle.dbtools.crest.swingui.diagram.graph.EdgeView.getHandle(EdgeView.java:338)
	at oracle.dbtools.crest.swingui.diagram.ui.def.DefaultDiagramUI$RootHandle.<init>(DefaultDiagramUI.java:1955)
	at oracle.dbtools.crest.swingui.diagram.ui.def.DefaultDiagramUI.createHandle(DefaultDiagramUI.java:1178)
	at oracle.dbtools.crest.swingui.diagram.ui.def.DefaultDiagramUI.updateHandle(DefaultDiagramUI.java:1159)
	at oracle.dbtools.crest.swingui.diagram.ui.def.DefaultDiagramUI$DiagramSelectionHandler.valueChanged(DefaultDiagramUI.java:1571)
	at oracle.dbtools.crest.swingui.diagram.graph.DefaultDiagramSelectionModel.fireValueChanged(DefaultDiagramSelectionModel.java:504)
	at oracle.dbtools.crest.swingui.diagram.graph.DefaultDiagramSelectionModel.notifyCellChange(DefaultDiagramSelectionModel.java:562)
	at oracle.dbtools.crest.swingui.diagram.graph.DefaultDiagramSelectionModel.addSelectionCells(DefaultDiagramSelectionModel.java:209)
	at oracle.dbtools.crest.swingui.diagram.graph.DefaultDiagramSelectionModel.addSelectionCell(DefaultDiagramSelectionModel.java:171)
	at oracle.dbtools.crest.swingui.diagram.AbstractDiagram.addSelectionCell(AbstractDiagram.java:1603)
	at oracle.dbtools.crest.swingui.diagram.ui.def.DefaultDiagramUI.selectRelationsFor(DefaultDiagramUI.java:499)
	at oracle.dbtools.crest.swingui.diagram.ui.def.DefaultDiagramUI.selectChildRelations(DefaultDiagramUI.java:434)
	at oracle.dbtools.crest.swingui.diagram.ui.def.DefaultDiagramUI.selectCellForEvent(DefaultDiagramUI.java:420)
	at oracle.dbtools.crest.swingui.diagram.ui.def.DefaultDiagramUI$MouseHandler.mouseReleased(DefaultDiagramUI.java:1803)
	at java.awt.AWTEventMulticaster.mouseReleased(AWTEventMulticaster.java:289)
	at java.awt.Component.processMouseEvent(Component.java:6527)
	at javax.swing.JComponent.processMouseEvent(JComponent.java:3321)
	at java.awt.Component.processEvent(Component.java:6292)
	at java.awt.Container.processEvent(Container.java:2234)
	at java.awt.Component.dispatchEventImpl(Component.java:4883)
	at java.awt.Container.dispatchEventImpl(Container.java:2292)
	at java.awt.Component.dispatchEvent(Component.java:4705)
	at java.awt.LightweightDispatcher.retargetMouseEvent(Container.java:4898)
	at java.awt.LightweightDispatcher.processMouseEvent(Container.java:4533)
	at java.awt.LightweightDispatcher.dispatchEvent(Container.java:4462)
	at java.awt.Container.dispatchEventImpl(Container.java:2278)
	at java.awt.Window.dispatchEventImpl(Window.java:2739)
	at java.awt.Component.dispatchEvent(Component.java:4705)
	at java.awt.EventQueue.dispatchEventImpl(EventQueue.java:746)
	at java.awt.EventQueue.access$400(EventQueue.java:97)
	at java.awt.EventQueue$3.run(EventQueue.java:697)
	at java.awt.EventQueue$3.run(EventQueue.java:691)
	at java.security.AccessController.doPrivileged(Native Method)
	at java.security.ProtectionDomain$1.doIntersectionPrivilege(ProtectionDomain.java:75)
	at java.security.ProtectionDomain$1.doIntersectionPrivilege(ProtectionDomain.java:86)
	at java.awt.EventQueue$4.run(EventQueue.java:719)
	at java.awt.EventQueue$4.run(EventQueue.java:717)
	at java.security.AccessController.doPrivileged(Native Method)
	at java.security.ProtectionDomain$1.doIntersectionPrivilege(ProtectionDomain.java:75)
	at java.awt.EventQueue.dispatchEvent(EventQueue.java:716)
	at oracle.javatools.internal.ui.EventQueueWrapper._dispatchEvent(EventQueueWrapper.java:169)
	at oracle.javatools.internal.ui.EventQueueWrapper.dispatchEvent(EventQueueWrapper.java:151)
	at java.awt.EventDispatchThread.pumpOneEventForFilters(EventDispatchThread.java:201)
	at java.awt.EventDispatchThread.pumpEventsForFilter(EventDispatchThread.java:116)
	at java.awt.EventDispatchThread.pumpEventsForHierarchy(EventDispatchThread.java:105)
	at java.awt.EventDispatchThread.pumpEvents(EventDispatchThread.java:101)
	at java.awt.EventDispatchThread.pumpEvents(EventDispatchThread.java:93)
	at java.awt.EventDispatchThread.run(EventDispatchThread.java:82)
2016-10-24 16:42:10,193 [AWT-EventQueue-0] ERROR DefaultDiagramUI - DefaultDiagramUI.createHandle:
java.lang.NullPointerException
	at oracle.dbtools.crest.swingui.diagram.graph.EdgeView$EdgeHandle.reloadPoints(EdgeView.java:546)
	at oracle.dbtools.crest.swingui.diagram.graph.EdgeView$EdgeHandle.<init>(EdgeView.java:540)
	at oracle.dbtools.crest.swingui.diagram.graph.EdgeView.getHandle(EdgeView.java:338)
	at oracle.dbtools.crest.swingui.diagram.ui.def.DefaultDiagramUI$RootHandle.<init>(DefaultDiagramUI.java:1955)
	at oracle.dbtools.crest.swingui.diagram.ui.def.DefaultDiagramUI.createHandle(DefaultDiagramUI.java:1178)
	at oracle.dbtools.crest.swingui.diagram.ui.def.DefaultDiagramUI.updateHandle(DefaultDiagramUI.java:1159)
	at oracle.dbtools.crest.swingui.diagram.ui.def.DefaultDiagramUI$DiagramSelectionHandler.valueChanged(DefaultDiagramUI.java:1571)
	at oracle.dbtools.crest.swingui.diagram.graph.DefaultDiagramSelectionModel.fireValueChanged(DefaultDiagramSelectionModel.java:504)
	at oracle.dbtools.crest.swingui.diagram.graph.DefaultDiagramSelectionModel.notifyCellChange(DefaultDiagramSelectionModel.java:562)
	at oracle.dbtools.crest.swingui.diagram.graph.DefaultDiagramSelectionModel.addSelectionCells(DefaultDiagramSelectionModel.java:209)
	at oracle.dbtools.crest.swingui.diagram.graph.DefaultDiagramSelectionModel.addSelectionCell(DefaultDiagramSelectionModel.java:171)
	at oracle.dbtools.crest.swingui.diagram.AbstractDiagram.addSelectionCell(AbstractDiagram.java:1603)
	at oracle.dbtools.crest.swingui.diagram.ui.def.DefaultDiagramUI.selectRelationsFor(DefaultDiagramUI.java:499)
	at oracle.dbtools.crest.swingui.diagram.ui.def.DefaultDiagramUI.selectChildRelations(DefaultDiagramUI.java:434)
	at oracle.dbtools.crest.swingui.diagram.ui.def.DefaultDiagramUI.selectCellForEvent(DefaultDiagramUI.java:420)
	at oracle.dbtools.crest.swingui.diagram.ui.def.DefaultDiagramUI$MouseHandler.postProcessSelection(DefaultDiagramUI.java:1843)
	at oracle.dbtools.crest.swingui.diagram.ui.def.DefaultDiagramUI$MouseHandler.mouseReleased(DefaultDiagramUI.java:1805)
	at java.awt.AWTEventMulticaster.mouseReleased(AWTEventMulticaster.java:289)
	at java.awt.Component.processMouseEvent(Component.java:6527)
	at javax.swing.JComponent.processMouseEvent(JComponent.java:3321)
	at java.awt.Component.processEvent(Component.java:6292)
	at java.awt.Container.processEvent(Container.java:2234)
	at java.awt.Component.dispatchEventImpl(Component.java:4883)
	at java.awt.Container.dispatchEventImpl(Container.java:2292)
	at java.awt.Component.dispatchEvent(Component.java:4705)
	at java.awt.LightweightDispatcher.retargetMouseEvent(Container.java:4898)
	at java.awt.LightweightDispatcher.processMouseEvent(Container.java:4533)
	at java.awt.LightweightDispatcher.dispatchEvent(Container.java:4462)
	at java.awt.Container.dispatchEventImpl(Container.java:2278)
	at java.awt.Window.dispatchEventImpl(Window.java:2739)
	at java.awt.Component.dispatchEvent(Component.java:4705)
	at java.awt.EventQueue.dispatchEventImpl(EventQueue.java:746)
	at java.awt.EventQueue.access$400(EventQueue.java:97)
	at java.awt.EventQueue$3.run(EventQueue.java:697)
	at java.awt.EventQueue$3.run(EventQueue.java:691)
	at java.security.AccessController.doPrivileged(Native Method)
	at java.security.ProtectionDomain$1.doIntersectionPrivilege(ProtectionDomain.java:75)
	at java.security.ProtectionDomain$1.doIntersectionPrivilege(ProtectionDomain.java:86)
	at java.awt.EventQueue$4.run(EventQueue.java:719)
	at java.awt.EventQueue$4.run(EventQueue.java:717)
	at java.security.AccessController.doPrivileged(Native Method)
	at java.security.ProtectionDomain$1.doIntersectionPrivilege(ProtectionDomain.java:75)
	at java.awt.EventQueue.dispatchEvent(EventQueue.java:716)
	at oracle.javatools.internal.ui.EventQueueWrapper._dispatchEvent(EventQueueWrapper.java:169)
	at oracle.javatools.internal.ui.EventQueueWrapper.dispatchEvent(EventQueueWrapper.java:151)
	at java.awt.EventDispatchThread.pumpOneEventForFilters(EventDispatchThread.java:201)
	at java.awt.EventDispatchThread.pumpEventsForFilter(EventDispatchThread.java:116)
	at java.awt.EventDispatchThread.pumpEventsForHierarchy(EventDispatchThread.java:105)
	at java.awt.EventDispatchThread.pumpEvents(EventDispatchThread.java:101)
	at java.awt.EventDispatchThread.pumpEvents(EventDispatchThread.java:93)
	at java.awt.EventDispatchThread.run(EventDispatchThread.java:82)
2016-10-24 16:42:10,197 [AWT-EventQueue-0] ERROR DefaultDiagramUI - DefaultDiagramUI.createHandle:
java.lang.NullPointerException
	at oracle.dbtools.crest.swingui.diagram.graph.EdgeView$EdgeHandle.reloadPoints(EdgeView.java:546)
	at oracle.dbtools.crest.swingui.diagram.graph.EdgeView$EdgeHandle.<init>(EdgeView.java:540)
	at oracle.dbtools.crest.swingui.diagram.graph.EdgeView.getHandle(EdgeView.java:338)
	at oracle.dbtools.crest.swingui.diagram.ui.def.DefaultDiagramUI$RootHandle.<init>(DefaultDiagramUI.java:1955)
	at oracle.dbtools.crest.swingui.diagram.ui.def.DefaultDiagramUI.createHandle(DefaultDiagramUI.java:1178)
	at oracle.dbtools.crest.swingui.diagram.ui.def.DefaultDiagramUI.updateHandle(DefaultDiagramUI.java:1159)
	at oracle.dbtools.crest.swingui.diagram.ui.def.DefaultDiagramUI$DiagramSelectionHandler.valueChanged(DefaultDiagramUI.java:1571)
	at oracle.dbtools.crest.swingui.diagram.graph.DefaultDiagramSelectionModel.fireValueChanged(DefaultDiagramSelectionModel.java:504)
	at oracle.dbtools.crest.swingui.diagram.graph.DefaultDiagramSelectionModel.notifyCellChange(DefaultDiagramSelectionModel.java:562)
	at oracle.dbtools.crest.swingui.diagram.graph.DefaultDiagramSelectionModel.addSelectionCells(DefaultDiagramSelectionModel.java:209)
	at oracle.dbtools.crest.swingui.diagram.graph.DefaultDiagramSelectionModel.addSelectionCell(DefaultDiagramSelectionModel.java:171)
	at oracle.dbtools.crest.swingui.diagram.AbstractDiagram.addSelectionCell(AbstractDiagram.java:1603)
	at oracle.dbtools.crest.swingui.diagram.ui.def.DefaultDiagramUI.selectRelationsFor(DefaultDiagramUI.java:499)
	at oracle.dbtools.crest.swingui.diagram.ui.def.DefaultDiagramUI.selectChildRelations(DefaultDiagramUI.java:434)
	at oracle.dbtools.crest.swingui.diagram.ui.def.DefaultDiagramUI.selectCellForEvent(DefaultDiagramUI.java:420)
	at oracle.dbtools.crest.swingui.diagram.ui.def.DefaultDiagramUI$MouseHandler.postProcessSelection(DefaultDiagramUI.java:1843)
	at oracle.dbtools.crest.swingui.diagram.ui.def.DefaultDiagramUI$MouseHandler.mouseReleased(DefaultDiagramUI.java:1805)
	at java.awt.AWTEventMulticaster.mouseReleased(AWTEventMulticaster.java:289)
	at java.awt.Component.processMouseEvent(Component.java:6527)
	at javax.swing.JComponent.processMouseEvent(JComponent.java:3321)
	at java.awt.Component.processEvent(Component.java:6292)
	at java.awt.Container.processEvent(Container.java:2234)
	at java.awt.Component.dispatchEventImpl(Component.java:4883)
	at java.awt.Container.dispatchEventImpl(Container.java:2292)
	at java.awt.Component.dispatchEvent(Component.java:4705)
	at java.awt.LightweightDispatcher.retargetMouseEvent(Container.java:4898)
	at java.awt.LightweightDispatcher.processMouseEvent(Container.java:4533)
	at java.awt.LightweightDispatcher.dispatchEvent(Container.java:4462)
	at java.awt.Container.dispatchEventImpl(Container.java:2278)
	at java.awt.Window.dispatchEventImpl(Window.java:2739)
	at java.awt.Component.dispatchEvent(Component.java:4705)
	at java.awt.EventQueue.dispatchEventImpl(EventQueue.java:746)
	at java.awt.EventQueue.access$400(EventQueue.java:97)
	at java.awt.EventQueue$3.run(EventQueue.java:697)
	at java.awt.EventQueue$3.run(EventQueue.java:691)
	at java.security.AccessController.doPrivileged(Native Method)
	at java.security.ProtectionDomain$1.doIntersectionPrivilege(ProtectionDomain.java:75)
	at java.security.ProtectionDomain$1.doIntersectionPrivilege(ProtectionDomain.java:86)
	at java.awt.EventQueue$4.run(EventQueue.java:719)
	at java.awt.EventQueue$4.run(EventQueue.java:717)
	at java.security.AccessController.doPrivileged(Native Method)
	at java.security.ProtectionDomain$1.doIntersectionPrivilege(ProtectionDomain.java:75)
	at java.awt.EventQueue.dispatchEvent(EventQueue.java:716)
	at oracle.javatools.internal.ui.EventQueueWrapper._dispatchEvent(EventQueueWrapper.java:169)
	at oracle.javatools.internal.ui.EventQueueWrapper.dispatchEvent(EventQueueWrapper.java:151)
	at java.awt.EventDispatchThread.pumpOneEventForFilters(EventDispatchThread.java:201)
	at java.awt.EventDispatchThread.pumpEventsForFilter(EventDispatchThread.java:116)
	at java.awt.EventDispatchThread.pumpEventsForHierarchy(EventDispatchThread.java:105)
	at java.awt.EventDispatchThread.pumpEvents(EventDispatchThread.java:101)
	at java.awt.EventDispatchThread.pumpEvents(EventDispatchThread.java:93)
	at java.awt.EventDispatchThread.run(EventDispatchThread.java:82)
2016-10-24 16:42:10,201 [AWT-EventQueue-0] ERROR DefaultDiagramUI - DefaultDiagramUI.createHandle:
java.lang.NullPointerException
	at oracle.dbtools.crest.swingui.diagram.graph.EdgeView$EdgeHandle.reloadPoints(EdgeView.java:546)
	at oracle.dbtools.crest.swingui.diagram.graph.EdgeView$EdgeHandle.<init>(EdgeView.java:540)
	at oracle.dbtools.crest.swingui.diagram.graph.EdgeView.getHandle(EdgeView.java:338)
	at oracle.dbtools.crest.swingui.diagram.ui.def.DefaultDiagramUI$RootHandle.<init>(DefaultDiagramUI.java:1955)
	at oracle.dbtools.crest.swingui.diagram.ui.def.DefaultDiagramUI.createHandle(DefaultDiagramUI.java:1178)
	at oracle.dbtools.crest.swingui.diagram.ui.def.DefaultDiagramUI.updateHandle(DefaultDiagramUI.java:1159)
	at oracle.dbtools.crest.swingui.diagram.ui.def.DefaultDiagramUI.updateSize(DefaultDiagramUI.java:1193)
	at oracle.dbtools.crest.swingui.diagram.ui.def.DefaultDiagramUI$DiagramModelHandler.diagramChanged(DefaultDiagramUI.java:1531)
	at oracle.dbtools.crest.swingui.diagram.graph.DefaultDiagramModel.fireDiagramChanged(DefaultDiagramModel.java:675)
	at oracle.dbtools.crest.swingui.diagram.graph.DefaultDiagramModel$DiagramModelLayerEdit.updateListeners(DefaultDiagramModel.java:1153)
	at oracle.dbtools.crest.swingui.diagram.graph.DiagramLayoutCache$DiagramViewLayerEdit.execute(DiagramLayoutCache.java:1179)
	at oracle.dbtools.crest.swingui.diagram.graph.DefaultDiagramModel.toFront(DefaultDiagramModel.java:426)
	at oracle.dbtools.crest.swingui.diagram.graph.DiagramLayoutCache.toFront(DiagramLayoutCache.java:767)
	at oracle.dbtools.crest.swingui.diagram.graph.MarqueeHandler.isForceMarqueeEvent(MarqueeHandler.java:85)
	at oracle.dbtools.crest.swingui.diagram.ui.def.DefaultDiagramUI.isForceMarqueeEvent(DefaultDiagramUI.java:540)
	at oracle.dbtools.crest.swingui.diagram.ui.def.DefaultDiagramUI$MouseHandler.mousePressed(DefaultDiagramUI.java:1692)
	at java.awt.AWTEventMulticaster.mousePressed(AWTEventMulticaster.java:279)
	at java.awt.Component.processMouseEvent(Component.java:6524)
	at javax.swing.JComponent.processMouseEvent(JComponent.java:3321)
	at java.awt.Component.processEvent(Component.java:6292)
	at java.awt.Container.processEvent(Container.java:2234)
	at java.awt.Component.dispatchEventImpl(Component.java:4883)
	at java.awt.Container.dispatchEventImpl(Container.java:2292)
	at java.awt.Component.dispatchEvent(Component.java:4705)
	at java.awt.LightweightDispatcher.retargetMouseEvent(Container.java:4898)
	at java.awt.LightweightDispatcher.processMouseEvent(Container.java:4530)
	at java.awt.LightweightDispatcher.dispatchEvent(Container.java:4462)
	at java.awt.Container.dispatchEventImpl(Container.java:2278)
	at java.awt.Window.dispatchEventImpl(Window.java:2739)
	at java.awt.Component.dispatchEvent(Component.java:4705)
	at java.awt.EventQueue.dispatchEventImpl(EventQueue.java:746)
	at java.awt.EventQueue.access$400(EventQueue.java:97)
	at java.awt.EventQueue$3.run(EventQueue.java:697)
	at java.awt.EventQueue$3.run(EventQueue.java:691)
	at java.security.AccessController.doPrivileged(Native Method)
	at java.security.ProtectionDomain$1.doIntersectionPrivilege(ProtectionDomain.java:75)
	at java.security.ProtectionDomain$1.doIntersectionPrivilege(ProtectionDomain.java:86)
	at java.awt.EventQueue$4.run(EventQueue.java:719)
	at java.awt.EventQueue$4.run(EventQueue.java:717)
	at java.security.AccessController.doPrivileged(Native Method)
	at java.security.ProtectionDomain$1.doIntersectionPrivilege(ProtectionDomain.java:75)
	at java.awt.EventQueue.dispatchEvent(EventQueue.java:716)
	at oracle.javatools.internal.ui.EventQueueWrapper._dispatchEvent(EventQueueWrapper.java:169)
	at oracle.javatools.internal.ui.EventQueueWrapper.dispatchEvent(EventQueueWrapper.java:151)
	at java.awt.EventDispatchThread.pumpOneEventForFilters(EventDispatchThread.java:201)
	at java.awt.EventDispatchThread.pumpEventsForFilter(EventDispatchThread.java:116)
	at java.awt.EventDispatchThread.pumpEventsForHierarchy(EventDispatchThread.java:105)
	at java.awt.EventDispatchThread.pumpEvents(EventDispatchThread.java:101)
	at java.awt.EventDispatchThread.pumpEvents(EventDispatchThread.java:93)
	at java.awt.EventDispatchThread.run(EventDispatchThread.java:82)
2016-10-24 16:42:26,313 [AWT-EventQueue-0] ERROR DefaultDiagramUI - DefaultDiagramUI.createHandle:
java.lang.NullPointerException
	at oracle.dbtools.crest.swingui.diagram.graph.EdgeView$EdgeHandle.reloadPoints(EdgeView.java:546)
	at oracle.dbtools.crest.swingui.diagram.graph.EdgeView$EdgeHandle.<init>(EdgeView.java:540)
	at oracle.dbtools.crest.swingui.diagram.graph.EdgeView.getHandle(EdgeView.java:338)
	at oracle.dbtools.crest.swingui.diagram.ui.def.DefaultDiagramUI$RootHandle.<init>(DefaultDiagramUI.java:1955)
	at oracle.dbtools.crest.swingui.diagram.ui.def.DefaultDiagramUI.createHandle(DefaultDiagramUI.java:1178)
	at oracle.dbtools.crest.swingui.diagram.ui.def.DefaultDiagramUI.updateHandle(DefaultDiagramUI.java:1159)
	at oracle.dbtools.crest.swingui.diagram.ui.def.DefaultDiagramUI.updateSize(DefaultDiagramUI.java:1193)
	at oracle.dbtools.crest.swingui.diagram.ui.def.DefaultDiagramUI$DiagramViewObserver.update(DefaultDiagramUI.java:1554)
	at java.util.Observable.notifyObservers(Observable.java:159)
	at oracle.dbtools.crest.swingui.diagram.graph.DiagramLayoutCache$DiagramViewEdit.execute(DiagramLayoutCache.java:1035)
	at oracle.dbtools.crest.swingui.diagram.graph.DefaultDiagramModel.edit(DefaultDiagramModel.java:390)
	at oracle.dbtools.crest.swingui.diagram.graph.DiagramLayoutCache.edit(DiagramLayoutCache.java:726)
	at oracle.dbtools.crest.swingui.diagram.graph.AbstractCellView.setNewBounds(AbstractCellView.java:70)
	at oracle.dbtools.crest.swingui.diagram.graph.AbstractCellView.setNewBounds(AbstractCellView.java:62)
	at oracle.dbtools.crest.model.design.logical.Entity.setHierarchicalParent(Entity.java:688)
	at oracle.dbtools.crest.swingui.editor.logical.EntityPropertiesDialogEx.setProperties(EntityPropertiesDialogEx.java:694)
	at oracle.dbtools.crest.swingui.editor.AbstractPropertiesDialog.onOK(AbstractPropertiesDialog.java:949)
	at oracle.dbtools.crest.swingui.editor.AbstractPropertiesDialog$10.actionPerformed(AbstractPropertiesDialog.java:1030)
	at javax.swing.AbstractButton.fireActionPerformed(AbstractButton.java:2022)
	at javax.swing.AbstractButton$Handler.actionPerformed(AbstractButton.java:2346)
	at javax.swing.DefaultButtonModel.fireActionPerformed(DefaultButtonModel.java:402)
	at javax.swing.DefaultButtonModel.setPressed(DefaultButtonModel.java:259)
	at javax.swing.plaf.basic.BasicButtonListener.mouseReleased(BasicButtonListener.java:252)
	at java.awt.Component.processMouseEvent(Component.java:6527)
	at javax.swing.JComponent.processMouseEvent(JComponent.java:3321)
	at java.awt.Component.processEvent(Component.java:6292)
	at java.awt.Container.processEvent(Container.java:2234)
	at java.awt.Component.dispatchEventImpl(Component.java:4883)
	at java.awt.Container.dispatchEventImpl(Container.java:2292)
	at java.awt.Component.dispatchEvent(Component.java:4705)
	at java.awt.LightweightDispatcher.retargetMouseEvent(Container.java:4898)
	at java.awt.LightweightDispatcher.processMouseEvent(Container.java:4533)
	at java.awt.LightweightDispatcher.dispatchEvent(Container.java:4462)
	at java.awt.Container.dispatchEventImpl(Container.java:2278)
	at java.awt.Window.dispatchEventImpl(Window.java:2739)
	at java.awt.Component.dispatchEvent(Component.java:4705)
	at java.awt.EventQueue.dispatchEventImpl(EventQueue.java:746)
	at java.awt.EventQueue.access$400(EventQueue.java:97)
	at java.awt.EventQueue$3.run(EventQueue.java:697)
	at java.awt.EventQueue$3.run(EventQueue.java:691)
	at java.security.AccessController.doPrivileged(Native Method)
	at java.security.ProtectionDomain$1.doIntersectionPrivilege(ProtectionDomain.java:75)
	at java.security.ProtectionDomain$1.doIntersectionPrivilege(ProtectionDomain.java:86)
	at java.awt.EventQueue$4.run(EventQueue.java:719)
	at java.awt.EventQueue$4.run(EventQueue.java:717)
	at java.security.AccessController.doPrivileged(Native Method)
	at java.security.ProtectionDomain$1.doIntersectionPrivilege(ProtectionDomain.java:75)
	at java.awt.EventQueue.dispatchEvent(EventQueue.java:716)
	at oracle.javatools.internal.ui.EventQueueWrapper._dispatchEvent(EventQueueWrapper.java:169)
	at oracle.javatools.internal.ui.EventQueueWrapper.dispatchEvent(EventQueueWrapper.java:151)
	at java.awt.EventDispatchThread.pumpOneEventForFilters(EventDispatchThread.java:201)
	at java.awt.EventDispatchThread.pumpEventsForFilter(EventDispatchThread.java:116)
	at java.awt.EventDispatchThread.pumpEventsForHierarchy(EventDispatchThread.java:105)
	at java.awt.EventDispatchThread.pumpEvents(EventDispatchThread.java:101)
	at java.awt.EventDispatchThread.pumpEvents(EventDispatchThread.java:93)
	at java.awt.EventDispatchThread.run(EventDispatchThread.java:82)
2016-10-24 16:48:44,761 [AWT-EventQueue-0] ERROR DefaultDiagramUI - DefaultDiagramUI.createHandle:
java.lang.NullPointerException
	at oracle.dbtools.crest.swingui.diagram.graph.EdgeView$EdgeHandle.reloadPoints(EdgeView.java:546)
	at oracle.dbtools.crest.swingui.diagram.graph.EdgeView$EdgeHandle.<init>(EdgeView.java:540)
	at oracle.dbtools.crest.swingui.diagram.graph.EdgeView.getHandle(EdgeView.java:338)
	at oracle.dbtools.crest.swingui.diagram.ui.def.DefaultDiagramUI$RootHandle.<init>(DefaultDiagramUI.java:1955)
	at oracle.dbtools.crest.swingui.diagram.ui.def.DefaultDiagramUI.createHandle(DefaultDiagramUI.java:1178)
	at oracle.dbtools.crest.swingui.diagram.ui.def.DefaultDiagramUI.updateHandle(DefaultDiagramUI.java:1159)
	at oracle.dbtools.crest.swingui.diagram.ui.def.DefaultDiagramUI.updateSize(DefaultDiagramUI.java:1193)
	at oracle.dbtools.crest.swingui.diagram.ui.def.DefaultDiagramUI$DiagramModelHandler.diagramChanged(DefaultDiagramUI.java:1531)
	at oracle.dbtools.crest.swingui.diagram.graph.DefaultDiagramModel.fireDiagramChanged(DefaultDiagramModel.java:675)
	at oracle.dbtools.crest.swingui.diagram.graph.DefaultDiagramModel$DiagramModelLayerEdit.updateListeners(DefaultDiagramModel.java:1153)
	at oracle.dbtools.crest.swingui.diagram.graph.DiagramLayoutCache$DiagramViewLayerEdit.execute(DiagramLayoutCache.java:1179)
	at oracle.dbtools.crest.swingui.diagram.graph.DefaultDiagramModel.toFront(DefaultDiagramModel.java:426)
	at oracle.dbtools.crest.swingui.diagram.graph.DiagramLayoutCache.toFront(DiagramLayoutCache.java:767)
	at oracle.dbtools.crest.swingui.diagram.graph.MarqueeHandler.isForceMarqueeEvent(MarqueeHandler.java:85)
	at oracle.dbtools.crest.swingui.diagram.ui.def.DefaultDiagramUI.isForceMarqueeEvent(DefaultDiagramUI.java:540)
	at oracle.dbtools.crest.swingui.diagram.ui.def.DefaultDiagramUI$MouseHandler.mousePressed(DefaultDiagramUI.java:1692)
	at java.awt.AWTEventMulticaster.mousePressed(AWTEventMulticaster.java:279)
	at java.awt.Component.processMouseEvent(Component.java:6524)
	at javax.swing.JComponent.processMouseEvent(JComponent.java:3321)
	at java.awt.Component.processEvent(Component.java:6292)
	at java.awt.Container.processEvent(Container.java:2234)
	at java.awt.Component.dispatchEventImpl(Component.java:4883)
	at java.awt.Container.dispatchEventImpl(Container.java:2292)
	at java.awt.Component.dispatchEvent(Component.java:4705)
	at java.awt.LightweightDispatcher.retargetMouseEvent(Container.java:4898)
	at java.awt.LightweightDispatcher.processMouseEvent(Container.java:4530)
	at java.awt.LightweightDispatcher.dispatchEvent(Container.java:4462)
	at java.awt.Container.dispatchEventImpl(Container.java:2278)
	at java.awt.Window.dispatchEventImpl(Window.java:2739)
	at java.awt.Component.dispatchEvent(Component.java:4705)
	at java.awt.EventQueue.dispatchEventImpl(EventQueue.java:746)
	at java.awt.EventQueue.access$400(EventQueue.java:97)
	at java.awt.EventQueue$3.run(EventQueue.java:697)
	at java.awt.EventQueue$3.run(EventQueue.java:691)
	at java.security.AccessController.doPrivileged(Native Method)
	at java.security.ProtectionDomain$1.doIntersectionPrivilege(ProtectionDomain.java:75)
	at java.security.ProtectionDomain$1.doIntersectionPrivilege(ProtectionDomain.java:86)
	at java.awt.EventQueue$4.run(EventQueue.java:719)
	at java.awt.EventQueue$4.run(EventQueue.java:717)
	at java.security.AccessController.doPrivileged(Native Method)
	at java.security.ProtectionDomain$1.doIntersectionPrivilege(ProtectionDomain.java:75)
	at java.awt.EventQueue.dispatchEvent(EventQueue.java:716)
	at oracle.javatools.internal.ui.EventQueueWrapper._dispatchEvent(EventQueueWrapper.java:169)
	at oracle.javatools.internal.ui.EventQueueWrapper.dispatchEvent(EventQueueWrapper.java:151)
	at java.awt.EventDispatchThread.pumpOneEventForFilters(EventDispatchThread.java:201)
	at java.awt.EventDispatchThread.pumpEventsForFilter(EventDispatchThread.java:116)
	at java.awt.EventDispatchThread.pumpEventsForHierarchy(EventDispatchThread.java:105)
	at java.awt.EventDispatchThread.pumpEvents(EventDispatchThread.java:101)
	at java.awt.EventDispatchThread.pumpEvents(EventDispatchThread.java:93)
	at java.awt.EventDispatchThread.run(EventDispatchThread.java:82)
2016-10-24 17:16:05,192 [AWT-EventQueue-0] ERROR DefaultDiagramUI - DefaultDiagramUI.createHandle:
java.lang.NullPointerException
	at oracle.dbtools.crest.swingui.diagram.graph.EdgeView$EdgeHandle.reloadPoints(EdgeView.java:546)
	at oracle.dbtools.crest.swingui.diagram.graph.EdgeView$EdgeHandle.<init>(EdgeView.java:540)
	at oracle.dbtools.crest.swingui.diagram.graph.EdgeView.getHandle(EdgeView.java:338)
	at oracle.dbtools.crest.swingui.diagram.ui.def.DefaultDiagramUI$RootHandle.<init>(DefaultDiagramUI.java:1955)
	at oracle.dbtools.crest.swingui.diagram.ui.def.DefaultDiagramUI.createHandle(DefaultDiagramUI.java:1178)
	at oracle.dbtools.crest.swingui.diagram.ui.def.DefaultDiagramUI.updateHandle(DefaultDiagramUI.java:1159)
	at oracle.dbtools.crest.swingui.diagram.ui.def.DefaultDiagramUI$DiagramSelectionHandler.valueChanged(DefaultDiagramUI.java:1571)
	at oracle.dbtools.crest.swingui.diagram.graph.DefaultDiagramSelectionModel.fireValueChanged(DefaultDiagramSelectionModel.java:504)
	at oracle.dbtools.crest.swingui.diagram.graph.DefaultDiagramSelectionModel.notifyCellChange(DefaultDiagramSelectionModel.java:562)
	at oracle.dbtools.crest.swingui.diagram.graph.DefaultDiagramSelectionModel.addSelectionCells(DefaultDiagramSelectionModel.java:209)
	at oracle.dbtools.crest.swingui.diagram.graph.DefaultDiagramSelectionModel.addSelectionCell(DefaultDiagramSelectionModel.java:171)
	at oracle.dbtools.crest.swingui.diagram.AbstractDiagram.addSelectionCell(AbstractDiagram.java:1603)
	at oracle.dbtools.crest.swingui.diagram.ui.def.DefaultDiagramUI.selectRelationsFor(DefaultDiagramUI.java:499)
	at oracle.dbtools.crest.swingui.diagram.ui.def.DefaultDiagramUI.selectChildRelations(DefaultDiagramUI.java:434)
	at oracle.dbtools.crest.swingui.diagram.ui.def.DefaultDiagramUI.selectCellForEvent(DefaultDiagramUI.java:420)
	at oracle.dbtools.crest.swingui.diagram.ui.def.DefaultDiagramUI$MouseHandler.mousePressed(DefaultDiagramUI.java:1706)
	at java.awt.AWTEventMulticaster.mousePressed(AWTEventMulticaster.java:279)
	at java.awt.Component.processMouseEvent(Component.java:6524)
	at javax.swing.JComponent.processMouseEvent(JComponent.java:3321)
	at java.awt.Component.processEvent(Component.java:6292)
	at java.awt.Container.processEvent(Container.java:2234)
	at java.awt.Component.dispatchEventImpl(Component.java:4883)
	at java.awt.Container.dispatchEventImpl(Container.java:2292)
	at java.awt.Component.dispatchEvent(Component.java:4705)
	at java.awt.LightweightDispatcher.retargetMouseEvent(Container.java:4898)
	at java.awt.LightweightDispatcher.processMouseEvent(Container.java:4530)
	at java.awt.LightweightDispatcher.dispatchEvent(Container.java:4462)
	at java.awt.Container.dispatchEventImpl(Container.java:2278)
	at java.awt.Window.dispatchEventImpl(Window.java:2739)
	at java.awt.Component.dispatchEvent(Component.java:4705)
	at java.awt.EventQueue.dispatchEventImpl(EventQueue.java:746)
	at java.awt.EventQueue.access$400(EventQueue.java:97)
	at java.awt.EventQueue$3.run(EventQueue.java:697)
	at java.awt.EventQueue$3.run(EventQueue.java:691)
	at java.security.AccessController.doPrivileged(Native Method)
	at java.security.ProtectionDomain$1.doIntersectionPrivilege(ProtectionDomain.java:75)
	at java.security.ProtectionDomain$1.doIntersectionPrivilege(ProtectionDomain.java:86)
	at java.awt.EventQueue$4.run(EventQueue.java:719)
	at java.awt.EventQueue$4.run(EventQueue.java:717)
	at java.security.AccessController.doPrivileged(Native Method)
	at java.security.ProtectionDomain$1.doIntersectionPrivilege(ProtectionDomain.java:75)
	at java.awt.EventQueue.dispatchEvent(EventQueue.java:716)
	at oracle.javatools.internal.ui.EventQueueWrapper._dispatchEvent(EventQueueWrapper.java:169)
	at oracle.javatools.internal.ui.EventQueueWrapper.dispatchEvent(EventQueueWrapper.java:151)
	at java.awt.EventDispatchThread.pumpOneEventForFilters(EventDispatchThread.java:201)
	at java.awt.EventDispatchThread.pumpEventsForFilter(EventDispatchThread.java:116)
	at java.awt.EventDispatchThread.pumpEventsForHierarchy(EventDispatchThread.java:105)
	at java.awt.EventDispatchThread.pumpEvents(EventDispatchThread.java:101)
	at java.awt.EventDispatchThread.pumpEvents(EventDispatchThread.java:93)
	at java.awt.EventDispatchThread.run(EventDispatchThread.java:82)
2016-10-24 17:16:05,195 [AWT-EventQueue-0] ERROR DefaultDiagramUI - DefaultDiagramUI.createHandle:
java.lang.NullPointerException
	at oracle.dbtools.crest.swingui.diagram.graph.EdgeView$EdgeHandle.reloadPoints(EdgeView.java:546)
	at oracle.dbtools.crest.swingui.diagram.graph.EdgeView$EdgeHandle.<init>(EdgeView.java:540)
	at oracle.dbtools.crest.swingui.diagram.graph.EdgeView.getHandle(EdgeView.java:338)
	at oracle.dbtools.crest.swingui.diagram.ui.def.DefaultDiagramUI$RootHandle.<init>(DefaultDiagramUI.java:1955)
	at oracle.dbtools.crest.swingui.diagram.ui.def.DefaultDiagramUI.createHandle(DefaultDiagramUI.java:1178)
	at oracle.dbtools.crest.swingui.diagram.ui.def.DefaultDiagramUI.updateHandle(DefaultDiagramUI.java:1159)
	at oracle.dbtools.crest.swingui.diagram.ui.def.DefaultDiagramUI$DiagramSelectionHandler.valueChanged(DefaultDiagramUI.java:1571)
	at oracle.dbtools.crest.swingui.diagram.graph.DefaultDiagramSelectionModel.fireValueChanged(DefaultDiagramSelectionModel.java:504)
	at oracle.dbtools.crest.swingui.diagram.graph.DefaultDiagramSelectionModel.notifyCellChange(DefaultDiagramSelectionModel.java:562)
	at oracle.dbtools.crest.swingui.diagram.graph.DefaultDiagramSelectionModel.addSelectionCells(DefaultDiagramSelectionModel.java:209)
	at oracle.dbtools.crest.swingui.diagram.graph.DefaultDiagramSelectionModel.addSelectionCell(DefaultDiagramSelectionModel.java:171)
	at oracle.dbtools.crest.swingui.diagram.AbstractDiagram.addSelectionCell(AbstractDiagram.java:1603)
	at oracle.dbtools.crest.swingui.diagram.ui.def.DefaultDiagramUI.selectRelationsFor(DefaultDiagramUI.java:499)
	at oracle.dbtools.crest.swingui.diagram.ui.def.DefaultDiagramUI.selectChildRelations(DefaultDiagramUI.java:434)
	at oracle.dbtools.crest.swingui.diagram.ui.def.DefaultDiagramUI.selectCellForEvent(DefaultDiagramUI.java:420)
	at oracle.dbtools.crest.swingui.diagram.ui.def.DefaultDiagramUI$MouseHandler.mousePressed(DefaultDiagramUI.java:1706)
	at java.awt.AWTEventMulticaster.mousePressed(AWTEventMulticaster.java:279)
	at java.awt.Component.processMouseEvent(Component.java:6524)
	at javax.swing.JComponent.processMouseEvent(JComponent.java:3321)
	at java.awt.Component.processEvent(Component.java:6292)
	at java.awt.Container.processEvent(Container.java:2234)
	at java.awt.Component.dispatchEventImpl(Component.java:4883)
	at java.awt.Container.dispatchEventImpl(Container.java:2292)
	at java.awt.Component.dispatchEvent(Component.java:4705)
	at java.awt.LightweightDispatcher.retargetMouseEvent(Container.java:4898)
	at java.awt.LightweightDispatcher.processMouseEvent(Container.java:4530)
	at java.awt.LightweightDispatcher.dispatchEvent(Container.java:4462)
	at java.awt.Container.dispatchEventImpl(Container.java:2278)
	at java.awt.Window.dispatchEventImpl(Window.java:2739)
	at java.awt.Component.dispatchEvent(Component.java:4705)
	at java.awt.EventQueue.dispatchEventImpl(EventQueue.java:746)
	at java.awt.EventQueue.access$400(EventQueue.java:97)
	at java.awt.EventQueue$3.run(EventQueue.java:697)
	at java.awt.EventQueue$3.run(EventQueue.java:691)
	at java.security.AccessController.doPrivileged(Native Method)
	at java.security.ProtectionDomain$1.doIntersectionPrivilege(ProtectionDomain.java:75)
	at java.security.ProtectionDomain$1.doIntersectionPrivilege(ProtectionDomain.java:86)
	at java.awt.EventQueue$4.run(EventQueue.java:719)
	at java.awt.EventQueue$4.run(EventQueue.java:717)
	at java.security.AccessController.doPrivileged(Native Method)
	at java.security.ProtectionDomain$1.doIntersectionPrivilege(ProtectionDomain.java:75)
	at java.awt.EventQueue.dispatchEvent(EventQueue.java:716)
	at oracle.javatools.internal.ui.EventQueueWrapper._dispatchEvent(EventQueueWrapper.java:169)
	at oracle.javatools.internal.ui.EventQueueWrapper.dispatchEvent(EventQueueWrapper.java:151)
	at java.awt.EventDispatchThread.pumpOneEventForFilters(EventDispatchThread.java:201)
	at java.awt.EventDispatchThread.pumpEventsForFilter(EventDispatchThread.java:116)
	at java.awt.EventDispatchThread.pumpEventsForHierarchy(EventDispatchThread.java:105)
	at java.awt.EventDispatchThread.pumpEvents(EventDispatchThread.java:101)
	at java.awt.EventDispatchThread.pumpEvents(EventDispatchThread.java:93)
	at java.awt.EventDispatchThread.run(EventDispatchThread.java:82)
2016-10-24 17:16:05,244 [AWT-EventQueue-0] ERROR DefaultDiagramUI - DefaultDiagramUI.createHandle:
java.lang.NullPointerException
	at oracle.dbtools.crest.swingui.diagram.graph.EdgeView$EdgeHandle.reloadPoints(EdgeView.java:546)
	at oracle.dbtools.crest.swingui.diagram.graph.EdgeView$EdgeHandle.<init>(EdgeView.java:540)
	at oracle.dbtools.crest.swingui.diagram.graph.EdgeView.getHandle(EdgeView.java:338)
	at oracle.dbtools.crest.swingui.diagram.ui.def.DefaultDiagramUI$RootHandle.<init>(DefaultDiagramUI.java:1955)
	at oracle.dbtools.crest.swingui.diagram.ui.def.DefaultDiagramUI.createHandle(DefaultDiagramUI.java:1178)
	at oracle.dbtools.crest.swingui.diagram.ui.def.DefaultDiagramUI.updateHandle(DefaultDiagramUI.java:1159)
	at oracle.dbtools.crest.swingui.diagram.ui.def.DefaultDiagramUI$DiagramSelectionHandler.valueChanged(DefaultDiagramUI.java:1571)
	at oracle.dbtools.crest.swingui.diagram.graph.DefaultDiagramSelectionModel.fireValueChanged(DefaultDiagramSelectionModel.java:504)
	at oracle.dbtools.crest.swingui.diagram.graph.DefaultDiagramSelectionModel.notifyCellChange(DefaultDiagramSelectionModel.java:562)
	at oracle.dbtools.crest.swingui.diagram.graph.DefaultDiagramSelectionModel.addSelectionCells(DefaultDiagramSelectionModel.java:209)
	at oracle.dbtools.crest.swingui.diagram.graph.DefaultDiagramSelectionModel.addSelectionCell(DefaultDiagramSelectionModel.java:171)
	at oracle.dbtools.crest.swingui.diagram.AbstractDiagram.addSelectionCell(AbstractDiagram.java:1603)
	at oracle.dbtools.crest.swingui.diagram.ui.def.DefaultDiagramUI.selectRelationsFor(DefaultDiagramUI.java:499)
	at oracle.dbtools.crest.swingui.diagram.ui.def.DefaultDiagramUI.selectChildRelations(DefaultDiagramUI.java:434)
	at oracle.dbtools.crest.swingui.diagram.ui.def.DefaultDiagramUI.selectCellForEvent(DefaultDiagramUI.java:420)
	at oracle.dbtools.crest.swingui.diagram.ui.def.DefaultDiagramUI$MouseHandler.mouseReleased(DefaultDiagramUI.java:1803)
	at java.awt.AWTEventMulticaster.mouseReleased(AWTEventMulticaster.java:289)
	at java.awt.Component.processMouseEvent(Component.java:6527)
	at javax.swing.JComponent.processMouseEvent(JComponent.java:3321)
	at java.awt.Component.processEvent(Component.java:6292)
	at java.awt.Container.processEvent(Container.java:2234)
	at java.awt.Component.dispatchEventImpl(Component.java:4883)
	at java.awt.Container.dispatchEventImpl(Container.java:2292)
	at java.awt.Component.dispatchEvent(Component.java:4705)
	at java.awt.LightweightDispatcher.retargetMouseEvent(Container.java:4898)
	at java.awt.LightweightDispatcher.processMouseEvent(Container.java:4533)
	at java.awt.LightweightDispatcher.dispatchEvent(Container.java:4462)
	at java.awt.Container.dispatchEventImpl(Container.java:2278)
	at java.awt.Window.dispatchEventImpl(Window.java:2739)
	at java.awt.Component.dispatchEvent(Component.java:4705)
	at java.awt.EventQueue.dispatchEventImpl(EventQueue.java:746)
	at java.awt.EventQueue.access$400(EventQueue.java:97)
	at java.awt.EventQueue$3.run(EventQueue.java:697)
	at java.awt.EventQueue$3.run(EventQueue.java:691)
	at java.security.AccessController.doPrivileged(Native Method)
	at java.security.ProtectionDomain$1.doIntersectionPrivilege(ProtectionDomain.java:75)
	at java.security.ProtectionDomain$1.doIntersectionPrivilege(ProtectionDomain.java:86)
	at java.awt.EventQueue$4.run(EventQueue.java:719)
	at java.awt.EventQueue$4.run(EventQueue.java:717)
	at java.security.AccessController.doPrivileged(Native Method)
	at java.security.ProtectionDomain$1.doIntersectionPrivilege(ProtectionDomain.java:75)
	at java.awt.EventQueue.dispatchEvent(EventQueue.java:716)
	at oracle.javatools.internal.ui.EventQueueWrapper._dispatchEvent(EventQueueWrapper.java:169)
	at oracle.javatools.internal.ui.EventQueueWrapper.dispatchEvent(EventQueueWrapper.java:151)
	at java.awt.EventDispatchThread.pumpOneEventForFilters(EventDispatchThread.java:201)
	at java.awt.EventDispatchThread.pumpEventsForFilter(EventDispatchThread.java:116)
	at java.awt.EventDispatchThread.pumpEventsForHierarchy(EventDispatchThread.java:105)
	at java.awt.EventDispatchThread.pumpEvents(EventDispatchThread.java:101)
	at java.awt.EventDispatchThread.pumpEvents(EventDispatchThread.java:93)
	at java.awt.EventDispatchThread.run(EventDispatchThread.java:82)
2016-10-24 17:16:05,245 [AWT-EventQueue-0] ERROR DefaultDiagramUI - DefaultDiagramUI.createHandle:
java.lang.NullPointerException
	at oracle.dbtools.crest.swingui.diagram.graph.EdgeView$EdgeHandle.reloadPoints(EdgeView.java:546)
	at oracle.dbtools.crest.swingui.diagram.graph.EdgeView$EdgeHandle.<init>(EdgeView.java:540)
	at oracle.dbtools.crest.swingui.diagram.graph.EdgeView.getHandle(EdgeView.java:338)
	at oracle.dbtools.crest.swingui.diagram.ui.def.DefaultDiagramUI$RootHandle.<init>(DefaultDiagramUI.java:1955)
	at oracle.dbtools.crest.swingui.diagram.ui.def.DefaultDiagramUI.createHandle(DefaultDiagramUI.java:1178)
	at oracle.dbtools.crest.swingui.diagram.ui.def.DefaultDiagramUI.updateHandle(DefaultDiagramUI.java:1159)
	at oracle.dbtools.crest.swingui.diagram.ui.def.DefaultDiagramUI$DiagramSelectionHandler.valueChanged(DefaultDiagramUI.java:1571)
	at oracle.dbtools.crest.swingui.diagram.graph.DefaultDiagramSelectionModel.fireValueChanged(DefaultDiagramSelectionModel.java:504)
	at oracle.dbtools.crest.swingui.diagram.graph.DefaultDiagramSelectionModel.notifyCellChange(DefaultDiagramSelectionModel.java:562)
	at oracle.dbtools.crest.swingui.diagram.graph.DefaultDiagramSelectionModel.addSelectionCells(DefaultDiagramSelectionModel.java:209)
	at oracle.dbtools.crest.swingui.diagram.graph.DefaultDiagramSelectionModel.addSelectionCell(DefaultDiagramSelectionModel.java:171)
	at oracle.dbtools.crest.swingui.diagram.AbstractDiagram.addSelectionCell(AbstractDiagram.java:1603)
	at oracle.dbtools.crest.swingui.diagram.ui.def.DefaultDiagramUI.selectRelationsFor(DefaultDiagramUI.java:499)
	at oracle.dbtools.crest.swingui.diagram.ui.def.DefaultDiagramUI.selectChildRelations(DefaultDiagramUI.java:434)
	at oracle.dbtools.crest.swingui.diagram.ui.def.DefaultDiagramUI.selectCellForEvent(DefaultDiagramUI.java:420)
	at oracle.dbtools.crest.swingui.diagram.ui.def.DefaultDiagramUI$MouseHandler.mouseReleased(DefaultDiagramUI.java:1803)
	at java.awt.AWTEventMulticaster.mouseReleased(AWTEventMulticaster.java:289)
	at java.awt.Component.processMouseEvent(Component.java:6527)
	at javax.swing.JComponent.processMouseEvent(JComponent.java:3321)
	at java.awt.Component.processEvent(Component.java:6292)
	at java.awt.Container.processEvent(Container.java:2234)
	at java.awt.Component.dispatchEventImpl(Component.java:4883)
	at java.awt.Container.dispatchEventImpl(Container.java:2292)
	at java.awt.Component.dispatchEvent(Component.java:4705)
	at java.awt.LightweightDispatcher.retargetMouseEvent(Container.java:4898)
	at java.awt.LightweightDispatcher.processMouseEvent(Container.java:4533)
	at java.awt.LightweightDispatcher.dispatchEvent(Container.java:4462)
	at java.awt.Container.dispatchEventImpl(Container.java:2278)
	at java.awt.Window.dispatchEventImpl(Window.java:2739)
	at java.awt.Component.dispatchEvent(Component.java:4705)
	at java.awt.EventQueue.dispatchEventImpl(EventQueue.java:746)
	at java.awt.EventQueue.access$400(EventQueue.java:97)
	at java.awt.EventQueue$3.run(EventQueue.java:697)
	at java.awt.EventQueue$3.run(EventQueue.java:691)
	at java.security.AccessController.doPrivileged(Native Method)
	at java.security.ProtectionDomain$1.doIntersectionPrivilege(ProtectionDomain.java:75)
	at java.security.ProtectionDomain$1.doIntersectionPrivilege(ProtectionDomain.java:86)
	at java.awt.EventQueue$4.run(EventQueue.java:719)
	at java.awt.EventQueue$4.run(EventQueue.java:717)
	at java.security.AccessController.doPrivileged(Native Method)
	at java.security.ProtectionDomain$1.doIntersectionPrivilege(ProtectionDomain.java:75)
	at java.awt.EventQueue.dispatchEvent(EventQueue.java:716)
	at oracle.javatools.internal.ui.EventQueueWrapper._dispatchEvent(EventQueueWrapper.java:169)
	at oracle.javatools.internal.ui.EventQueueWrapper.dispatchEvent(EventQueueWrapper.java:151)
	at java.awt.EventDispatchThread.pumpOneEventForFilters(EventDispatchThread.java:201)
	at java.awt.EventDispatchThread.pumpEventsForFilter(EventDispatchThread.java:116)
	at java.awt.EventDispatchThread.pumpEventsForHierarchy(EventDispatchThread.java:105)
	at java.awt.EventDispatchThread.pumpEvents(EventDispatchThread.java:101)
	at java.awt.EventDispatchThread.pumpEvents(EventDispatchThread.java:93)
	at java.awt.EventDispatchThread.run(EventDispatchThread.java:82)
2016-10-24 17:16:05,250 [AWT-EventQueue-0] ERROR DefaultDiagramUI - DefaultDiagramUI.createHandle:
java.lang.NullPointerException
	at oracle.dbtools.crest.swingui.diagram.graph.EdgeView$EdgeHandle.reloadPoints(EdgeView.java:546)
	at oracle.dbtools.crest.swingui.diagram.graph.EdgeView$EdgeHandle.<init>(EdgeView.java:540)
	at oracle.dbtools.crest.swingui.diagram.graph.EdgeView.getHandle(EdgeView.java:338)
	at oracle.dbtools.crest.swingui.diagram.ui.def.DefaultDiagramUI$RootHandle.<init>(DefaultDiagramUI.java:1955)
	at oracle.dbtools.crest.swingui.diagram.ui.def.DefaultDiagramUI.createHandle(DefaultDiagramUI.java:1178)
	at oracle.dbtools.crest.swingui.diagram.ui.def.DefaultDiagramUI.updateHandle(DefaultDiagramUI.java:1159)
	at oracle.dbtools.crest.swingui.diagram.ui.def.DefaultDiagramUI$DiagramSelectionHandler.valueChanged(DefaultDiagramUI.java:1571)
	at oracle.dbtools.crest.swingui.diagram.graph.DefaultDiagramSelectionModel.fireValueChanged(DefaultDiagramSelectionModel.java:504)
	at oracle.dbtools.crest.swingui.diagram.graph.DefaultDiagramSelectionModel.notifyCellChange(DefaultDiagramSelectionModel.java:562)
	at oracle.dbtools.crest.swingui.diagram.graph.DefaultDiagramSelectionModel.addSelectionCells(DefaultDiagramSelectionModel.java:209)
	at oracle.dbtools.crest.swingui.diagram.graph.DefaultDiagramSelectionModel.addSelectionCell(DefaultDiagramSelectionModel.java:171)
	at oracle.dbtools.crest.swingui.diagram.AbstractDiagram.addSelectionCell(AbstractDiagram.java:1603)
	at oracle.dbtools.crest.swingui.diagram.ui.def.DefaultDiagramUI.selectRelationsFor(DefaultDiagramUI.java:499)
	at oracle.dbtools.crest.swingui.diagram.ui.def.DefaultDiagramUI.selectChildRelations(DefaultDiagramUI.java:434)
	at oracle.dbtools.crest.swingui.diagram.ui.def.DefaultDiagramUI.selectCellForEvent(DefaultDiagramUI.java:420)
	at oracle.dbtools.crest.swingui.diagram.ui.def.DefaultDiagramUI$MouseHandler.postProcessSelection(DefaultDiagramUI.java:1843)
	at oracle.dbtools.crest.swingui.diagram.ui.def.DefaultDiagramUI$MouseHandler.mouseReleased(DefaultDiagramUI.java:1805)
	at java.awt.AWTEventMulticaster.mouseReleased(AWTEventMulticaster.java:289)
	at java.awt.Component.processMouseEvent(Component.java:6527)
	at javax.swing.JComponent.processMouseEvent(JComponent.java:3321)
	at java.awt.Component.processEvent(Component.java:6292)
	at java.awt.Container.processEvent(Container.java:2234)
	at java.awt.Component.dispatchEventImpl(Component.java:4883)
	at java.awt.Container.dispatchEventImpl(Container.java:2292)
	at java.awt.Component.dispatchEvent(Component.java:4705)
	at java.awt.LightweightDispatcher.retargetMouseEvent(Container.java:4898)
	at java.awt.LightweightDispatcher.processMouseEvent(Container.java:4533)
	at java.awt.LightweightDispatcher.dispatchEvent(Container.java:4462)
	at java.awt.Container.dispatchEventImpl(Container.java:2278)
	at java.awt.Window.dispatchEventImpl(Window.java:2739)
	at java.awt.Component.dispatchEvent(Component.java:4705)
	at java.awt.EventQueue.dispatchEventImpl(EventQueue.java:746)
	at java.awt.EventQueue.access$400(EventQueue.java:97)
	at java.awt.EventQueue$3.run(EventQueue.java:697)
	at java.awt.EventQueue$3.run(EventQueue.java:691)
	at java.security.AccessController.doPrivileged(Native Method)
	at java.security.ProtectionDomain$1.doIntersectionPrivilege(ProtectionDomain.java:75)
	at java.security.ProtectionDomain$1.doIntersectionPrivilege(ProtectionDomain.java:86)
	at java.awt.EventQueue$4.run(EventQueue.java:719)
	at java.awt.EventQueue$4.run(EventQueue.java:717)
	at java.security.AccessController.doPrivileged(Native Method)
	at java.security.ProtectionDomain$1.doIntersectionPrivilege(ProtectionDomain.java:75)
	at java.awt.EventQueue.dispatchEvent(EventQueue.java:716)
	at oracle.javatools.internal.ui.EventQueueWrapper._dispatchEvent(EventQueueWrapper.java:169)
	at oracle.javatools.internal.ui.EventQueueWrapper.dispatchEvent(EventQueueWrapper.java:151)
	at java.awt.EventDispatchThread.pumpOneEventForFilters(EventDispatchThread.java:201)
	at java.awt.EventDispatchThread.pumpEventsForFilter(EventDispatchThread.java:116)
	at java.awt.EventDispatchThread.pumpEventsForHierarchy(EventDispatchThread.java:105)
	at java.awt.EventDispatchThread.pumpEvents(EventDispatchThread.java:101)
	at java.awt.EventDispatchThread.pumpEvents(EventDispatchThread.java:93)
	at java.awt.EventDispatchThread.run(EventDispatchThread.java:82)
2016-10-24 17:16:05,251 [AWT-EventQueue-0] ERROR DefaultDiagramUI - DefaultDiagramUI.createHandle:
java.lang.NullPointerException
	at oracle.dbtools.crest.swingui.diagram.graph.EdgeView$EdgeHandle.reloadPoints(EdgeView.java:546)
	at oracle.dbtools.crest.swingui.diagram.graph.EdgeView$EdgeHandle.<init>(EdgeView.java:540)
	at oracle.dbtools.crest.swingui.diagram.graph.EdgeView.getHandle(EdgeView.java:338)
	at oracle.dbtools.crest.swingui.diagram.ui.def.DefaultDiagramUI$RootHandle.<init>(DefaultDiagramUI.java:1955)
	at oracle.dbtools.crest.swingui.diagram.ui.def.DefaultDiagramUI.createHandle(DefaultDiagramUI.java:1178)
	at oracle.dbtools.crest.swingui.diagram.ui.def.DefaultDiagramUI.updateHandle(DefaultDiagramUI.java:1159)
	at oracle.dbtools.crest.swingui.diagram.ui.def.DefaultDiagramUI$DiagramSelectionHandler.valueChanged(DefaultDiagramUI.java:1571)
	at oracle.dbtools.crest.swingui.diagram.graph.DefaultDiagramSelectionModel.fireValueChanged(DefaultDiagramSelectionModel.java:504)
	at oracle.dbtools.crest.swingui.diagram.graph.DefaultDiagramSelectionModel.notifyCellChange(DefaultDiagramSelectionModel.java:562)
	at oracle.dbtools.crest.swingui.diagram.graph.DefaultDiagramSelectionModel.addSelectionCells(DefaultDiagramSelectionModel.java:209)
	at oracle.dbtools.crest.swingui.diagram.graph.DefaultDiagramSelectionModel.addSelectionCell(DefaultDiagramSelectionModel.java:171)
	at oracle.dbtools.crest.swingui.diagram.AbstractDiagram.addSelectionCell(AbstractDiagram.java:1603)
	at oracle.dbtools.crest.swingui.diagram.ui.def.DefaultDiagramUI.selectRelationsFor(DefaultDiagramUI.java:499)
	at oracle.dbtools.crest.swingui.diagram.ui.def.DefaultDiagramUI.selectChildRelations(DefaultDiagramUI.java:434)
	at oracle.dbtools.crest.swingui.diagram.ui.def.DefaultDiagramUI.selectCellForEvent(DefaultDiagramUI.java:420)
	at oracle.dbtools.crest.swingui.diagram.ui.def.DefaultDiagramUI$MouseHandler.postProcessSelection(DefaultDiagramUI.java:1843)
	at oracle.dbtools.crest.swingui.diagram.ui.def.DefaultDiagramUI$MouseHandler.mouseReleased(DefaultDiagramUI.java:1805)
	at java.awt.AWTEventMulticaster.mouseReleased(AWTEventMulticaster.java:289)
	at java.awt.Component.processMouseEvent(Component.java:6527)
	at javax.swing.JComponent.processMouseEvent(JComponent.java:3321)
	at java.awt.Component.processEvent(Component.java:6292)
	at java.awt.Container.processEvent(Container.java:2234)
	at java.awt.Component.dispatchEventImpl(Component.java:4883)
	at java.awt.Container.dispatchEventImpl(Container.java:2292)
	at java.awt.Component.dispatchEvent(Component.java:4705)
	at java.awt.LightweightDispatcher.retargetMouseEvent(Container.java:4898)
	at java.awt.LightweightDispatcher.processMouseEvent(Container.java:4533)
	at java.awt.LightweightDispatcher.dispatchEvent(Container.java:4462)
	at java.awt.Container.dispatchEventImpl(Container.java:2278)
	at java.awt.Window.dispatchEventImpl(Window.java:2739)
	at java.awt.Component.dispatchEvent(Component.java:4705)
	at java.awt.EventQueue.dispatchEventImpl(EventQueue.java:746)
	at java.awt.EventQueue.access$400(EventQueue.java:97)
	at java.awt.EventQueue$3.run(EventQueue.java:697)
	at java.awt.EventQueue$3.run(EventQueue.java:691)
	at java.security.AccessController.doPrivileged(Native Method)
	at java.security.ProtectionDomain$1.doIntersectionPrivilege(ProtectionDomain.java:75)
	at java.security.ProtectionDomain$1.doIntersectionPrivilege(ProtectionDomain.java:86)
	at java.awt.EventQueue$4.run(EventQueue.java:719)
	at java.awt.EventQueue$4.run(EventQueue.java:717)
	at java.security.AccessController.doPrivileged(Native Method)
	at java.security.ProtectionDomain$1.doIntersectionPrivilege(ProtectionDomain.java:75)
	at java.awt.EventQueue.dispatchEvent(EventQueue.java:716)
	at oracle.javatools.internal.ui.EventQueueWrapper._dispatchEvent(EventQueueWrapper.java:169)
	at oracle.javatools.internal.ui.EventQueueWrapper.dispatchEvent(EventQueueWrapper.java:151)
	at java.awt.EventDispatchThread.pumpOneEventForFilters(EventDispatchThread.java:201)
	at java.awt.EventDispatchThread.pumpEventsForFilter(EventDispatchThread.java:116)
	at java.awt.EventDispatchThread.pumpEventsForHierarchy(EventDispatchThread.java:105)
	at java.awt.EventDispatchThread.pumpEvents(EventDispatchThread.java:101)
	at java.awt.EventDispatchThread.pumpEvents(EventDispatchThread.java:93)
	at java.awt.EventDispatchThread.run(EventDispatchThread.java:82)
2016-10-24 17:16:05,330 [AWT-EventQueue-0] ERROR DefaultDiagramUI - DefaultDiagramUI.createHandle:
java.lang.NullPointerException
	at oracle.dbtools.crest.swingui.diagram.graph.EdgeView$EdgeHandle.reloadPoints(EdgeView.java:546)
	at oracle.dbtools.crest.swingui.diagram.graph.EdgeView$EdgeHandle.<init>(EdgeView.java:540)
	at oracle.dbtools.crest.swingui.diagram.graph.EdgeView.getHandle(EdgeView.java:338)
	at oracle.dbtools.crest.swingui.diagram.ui.def.DefaultDiagramUI$RootHandle.<init>(DefaultDiagramUI.java:1955)
	at oracle.dbtools.crest.swingui.diagram.ui.def.DefaultDiagramUI.createHandle(DefaultDiagramUI.java:1178)
	at oracle.dbtools.crest.swingui.diagram.ui.def.DefaultDiagramUI.updateHandle(DefaultDiagramUI.java:1159)
	at oracle.dbtools.crest.swingui.diagram.ui.def.DefaultDiagramUI.updateSize(DefaultDiagramUI.java:1193)
	at oracle.dbtools.crest.swingui.diagram.ui.def.DefaultDiagramUI$DiagramModelHandler.diagramChanged(DefaultDiagramUI.java:1531)
	at oracle.dbtools.crest.swingui.diagram.graph.DefaultDiagramModel.fireDiagramChanged(DefaultDiagramModel.java:675)
	at oracle.dbtools.crest.swingui.diagram.graph.DefaultDiagramModel$DiagramModelLayerEdit.updateListeners(DefaultDiagramModel.java:1153)
	at oracle.dbtools.crest.swingui.diagram.graph.DiagramLayoutCache$DiagramViewLayerEdit.execute(DiagramLayoutCache.java:1179)
	at oracle.dbtools.crest.swingui.diagram.graph.DefaultDiagramModel.toFront(DefaultDiagramModel.java:426)
	at oracle.dbtools.crest.swingui.diagram.graph.DiagramLayoutCache.toFront(DiagramLayoutCache.java:767)
	at oracle.dbtools.crest.swingui.diagram.graph.MarqueeHandler.isForceMarqueeEvent(MarqueeHandler.java:85)
	at oracle.dbtools.crest.swingui.diagram.ui.def.DefaultDiagramUI.isForceMarqueeEvent(DefaultDiagramUI.java:540)
	at oracle.dbtools.crest.swingui.diagram.ui.def.DefaultDiagramUI$MouseHandler.mousePressed(DefaultDiagramUI.java:1692)
	at java.awt.AWTEventMulticaster.mousePressed(AWTEventMulticaster.java:279)
	at java.awt.Component.processMouseEvent(Component.java:6524)
	at javax.swing.JComponent.processMouseEvent(JComponent.java:3321)
	at java.awt.Component.processEvent(Component.java:6292)
	at java.awt.Container.processEvent(Container.java:2234)
	at java.awt.Component.dispatchEventImpl(Component.java:4883)
	at java.awt.Container.dispatchEventImpl(Container.java:2292)
	at java.awt.Component.dispatchEvent(Component.java:4705)
	at java.awt.LightweightDispatcher.retargetMouseEvent(Container.java:4898)
	at java.awt.LightweightDispatcher.processMouseEvent(Container.java:4530)
	at java.awt.LightweightDispatcher.dispatchEvent(Container.java:4462)
	at java.awt.Container.dispatchEventImpl(Container.java:2278)
	at java.awt.Window.dispatchEventImpl(Window.java:2739)
	at java.awt.Component.dispatchEvent(Component.java:4705)
	at java.awt.EventQueue.dispatchEventImpl(EventQueue.java:746)
	at java.awt.EventQueue.access$400(EventQueue.java:97)
	at java.awt.EventQueue$3.run(EventQueue.java:697)
	at java.awt.EventQueue$3.run(EventQueue.java:691)
	at java.security.AccessController.doPrivileged(Native Method)
	at java.security.ProtectionDomain$1.doIntersectionPrivilege(ProtectionDomain.java:75)
	at java.security.ProtectionDomain$1.doIntersectionPrivilege(ProtectionDomain.java:86)
	at java.awt.EventQueue$4.run(EventQueue.java:719)
	at java.awt.EventQueue$4.run(EventQueue.java:717)
	at java.security.AccessController.doPrivileged(Native Method)
	at java.security.ProtectionDomain$1.doIntersectionPrivilege(ProtectionDomain.java:75)
	at java.awt.EventQueue.dispatchEvent(EventQueue.java:716)
	at oracle.javatools.internal.ui.EventQueueWrapper._dispatchEvent(EventQueueWrapper.java:169)
	at oracle.javatools.internal.ui.EventQueueWrapper.dispatchEvent(EventQueueWrapper.java:151)
	at java.awt.EventDispatchThread.pumpOneEventForFilters(EventDispatchThread.java:201)
	at java.awt.EventDispatchThread.pumpEventsForFilter(EventDispatchThread.java:116)
	at java.awt.EventDispatchThread.pumpEventsForHierarchy(EventDispatchThread.java:105)
	at java.awt.EventDispatchThread.pumpEvents(EventDispatchThread.java:101)
	at java.awt.EventDispatchThread.pumpEvents(EventDispatchThread.java:93)
	at java.awt.EventDispatchThread.run(EventDispatchThread.java:82)
2016-10-24 17:16:18,759 [AWT-EventQueue-0] ERROR DefaultDiagramUI - DefaultDiagramUI.createHandle:
java.lang.NullPointerException
	at oracle.dbtools.crest.swingui.diagram.graph.EdgeView$EdgeHandle.reloadPoints(EdgeView.java:546)
	at oracle.dbtools.crest.swingui.diagram.graph.EdgeView$EdgeHandle.<init>(EdgeView.java:540)
	at oracle.dbtools.crest.swingui.diagram.graph.EdgeView.getHandle(EdgeView.java:338)
	at oracle.dbtools.crest.swingui.diagram.ui.def.DefaultDiagramUI$RootHandle.<init>(DefaultDiagramUI.java:1955)
	at oracle.dbtools.crest.swingui.diagram.ui.def.DefaultDiagramUI.createHandle(DefaultDiagramUI.java:1178)
	at oracle.dbtools.crest.swingui.diagram.ui.def.DefaultDiagramUI.updateHandle(DefaultDiagramUI.java:1159)
	at oracle.dbtools.crest.swingui.diagram.ui.def.DefaultDiagramUI.updateSize(DefaultDiagramUI.java:1193)
	at oracle.dbtools.crest.swingui.diagram.ui.def.DefaultDiagramUI$DiagramViewObserver.update(DefaultDiagramUI.java:1554)
	at java.util.Observable.notifyObservers(Observable.java:159)
	at oracle.dbtools.crest.swingui.diagram.graph.DiagramLayoutCache$DiagramViewEdit.execute(DiagramLayoutCache.java:1035)
	at oracle.dbtools.crest.swingui.diagram.graph.DefaultDiagramModel.edit(DefaultDiagramModel.java:390)
	at oracle.dbtools.crest.swingui.diagram.graph.DiagramLayoutCache.edit(DiagramLayoutCache.java:726)
	at oracle.dbtools.crest.swingui.diagram.graph.AbstractCellView.setNewBounds(AbstractCellView.java:70)
	at oracle.dbtools.crest.swingui.diagram.graph.AbstractCellView.setNewBounds(AbstractCellView.java:62)
	at oracle.dbtools.crest.model.design.logical.Entity.setHierarchicalParent(Entity.java:688)
	at oracle.dbtools.crest.swingui.editor.logical.EntityPropertiesDialogEx.setProperties(EntityPropertiesDialogEx.java:694)
	at oracle.dbtools.crest.swingui.editor.AbstractPropertiesDialog.onOK(AbstractPropertiesDialog.java:949)
	at oracle.dbtools.crest.swingui.editor.AbstractPropertiesDialog$10.actionPerformed(AbstractPropertiesDialog.java:1030)
	at javax.swing.AbstractButton.fireActionPerformed(AbstractButton.java:2022)
	at javax.swing.AbstractButton$Handler.actionPerformed(AbstractButton.java:2346)
	at javax.swing.DefaultButtonModel.fireActionPerformed(DefaultButtonModel.java:402)
	at javax.swing.DefaultButtonModel.setPressed(DefaultButtonModel.java:259)
	at javax.swing.plaf.basic.BasicButtonListener.mouseReleased(BasicButtonListener.java:252)
	at java.awt.Component.processMouseEvent(Component.java:6527)
	at javax.swing.JComponent.processMouseEvent(JComponent.java:3321)
	at java.awt.Component.processEvent(Component.java:6292)
	at java.awt.Container.processEvent(Container.java:2234)
	at java.awt.Component.dispatchEventImpl(Component.java:4883)
	at java.awt.Container.dispatchEventImpl(Container.java:2292)
	at java.awt.Component.dispatchEvent(Component.java:4705)
	at java.awt.LightweightDispatcher.retargetMouseEvent(Container.java:4898)
	at java.awt.LightweightDispatcher.processMouseEvent(Container.java:4533)
	at java.awt.LightweightDispatcher.dispatchEvent(Container.java:4462)
	at java.awt.Container.dispatchEventImpl(Container.java:2278)
	at java.awt.Window.dispatchEventImpl(Window.java:2739)
	at java.awt.Component.dispatchEvent(Component.java:4705)
	at java.awt.EventQueue.dispatchEventImpl(EventQueue.java:746)
	at java.awt.EventQueue.access$400(EventQueue.java:97)
	at java.awt.EventQueue$3.run(EventQueue.java:697)
	at java.awt.EventQueue$3.run(EventQueue.java:691)
	at java.security.AccessController.doPrivileged(Native Method)
	at java.security.ProtectionDomain$1.doIntersectionPrivilege(ProtectionDomain.java:75)
	at java.security.ProtectionDomain$1.doIntersectionPrivilege(ProtectionDomain.java:86)
	at java.awt.EventQueue$4.run(EventQueue.java:719)
	at java.awt.EventQueue$4.run(EventQueue.java:717)
	at java.security.AccessController.doPrivileged(Native Method)
	at java.security.ProtectionDomain$1.doIntersectionPrivilege(ProtectionDomain.java:75)
	at java.awt.EventQueue.dispatchEvent(EventQueue.java:716)
	at oracle.javatools.internal.ui.EventQueueWrapper._dispatchEvent(EventQueueWrapper.java:169)
	at oracle.javatools.internal.ui.EventQueueWrapper.dispatchEvent(EventQueueWrapper.java:151)
	at java.awt.EventDispatchThread.pumpOneEventForFilters(EventDispatchThread.java:201)
	at java.awt.EventDispatchThread.pumpEventsForFilter(EventDispatchThread.java:116)
	at java.awt.EventDispatchThread.pumpEventsForHierarchy(EventDispatchThread.java:105)
	at java.awt.EventDispatchThread.pumpEvents(EventDispatchThread.java:101)
	at java.awt.EventDispatchThread.pumpEvents(EventDispatchThread.java:93)
	at java.awt.EventDispatchThread.run(EventDispatchThread.java:82)
2016-10-24 17:18:48,723 [Thread-67] ERROR XMLTransformationManager - Can not write document to file: C:\P3_Model.dmd
java.io.FileNotFoundException: C:\P3_Model.dmd (Access is denied)
	at java.io.FileOutputStream.open(Native Method)
	at java.io.FileOutputStream.<init>(FileOutputStream.java:206)
	at java.io.FileOutputStream.<init>(FileOutputStream.java:156)
	at oracle.dbtools.crest.model.metadata.XMLTransformationManager.saveContentOfObject(XMLTransformationManager.java:4820)
	at oracle.dbtools.crest.model.metadata.XMLTransformationManager.saveObject(XMLTransformationManager.java:2171)
	at oracle.dbtools.crest.model.metadata.XMLTransformationManager.saveDesign(XMLTransformationManager.java:680)
	at oracle.dbtools.crest.model.design.Design.saveAll(Design.java:2131)
	at oracle.dbtools.crest.swingui.ControllerApplication.saveAll(ControllerApplication.java:4022)
	at oracle.dbtools.crest.swingui.ControllerApplication.saveAsDesign(ControllerApplication.java:3838)
	at oracle.dbtools.crest.swingui.ControllerApplication.access$6200(ControllerApplication.java:122)
	at oracle.dbtools.crest.swingui.ControllerApplication$SaveAs$1.run(ControllerApplication.java:3704)
2016-10-24 18:36:48,987 [AWT-EventQueue-0] ERROR ControllerApplication - Error Closing Design!
java.lang.NullPointerException
	at javax.swing.JComponent.getComponentGraphics(JComponent.java:737)
	at javax.swing.JComponent.paint(JComponent.java:998)
	at javax.swing.JComponent.update(JComponent.java:962)
	at oracle.dbtools.crest.swingui.ApplicationView.removeDesign(ApplicationView.java:2647)
	at oracle.dbtools.crest.swingui.ControllerApplication$CloseDesign.execute(ControllerApplication.java:2651)
	at oracle.dbtools.crest.swingui.ApplicationView.closeAllDesigns(ApplicationView.java:2673)
	at oracle.dbtools.crest.swingui.ApplicationView.exitApplication(ApplicationView.java:1975)
	at oracle.dbtools.crest.fcp.DataModelerAddin.canShutdown(DataModelerAddin.java:2776)
	at oracle.ide.cmd.ExitCommand.canShutdown(ExitCommand.java:252)
	at oracle.ide.cmd.ExitCommand.doit(ExitCommand.java:509)
	at oracle.ide.controller.CommandProcessor.invoke(CommandProcessor.java:377)
	at oracle.ide.IdeCore.quit(IdeCore.java:838)
	at oracle.ide.Ide.quit(Ide.java:653)
	at com.oracle.jdeveloper.nbwindowsystem.Installer.closing(Installer.java:94)
	at org.netbeans.core.startup.NbInstaller.closing(NbInstaller.java:707)
	at org.netbeans.ModuleManager.shutDownAsync(ModuleManager.java:2163)
	at org.netbeans.core.startup.ModuleSystem.shutDownAsync(ModuleSystem.java:349)
	at org.netbeans.core.NbLifeExit.doExit(NbLifeExit.java:137)
	at org.netbeans.core.NbLifeExit.run(NbLifeExit.java:94)
	at org.netbeans.modules.openide.util.NbMutexEventProvider$Event.doEvent(NbMutexEventProvider.java:118)
	at org.netbeans.modules.openide.util.NbMutexEventProvider$Event.readAccess(NbMutexEventProvider.java:93)
	at org.netbeans.modules.openide.util.LazyMutexImplementation.readAccess(LazyMutexImplementation.java:89)
	at org.openide.util.Mutex.readAccess(Mutex.java:260)
	at org.netbeans.core.NbLifecycleManager.exit(NbLifecycleManager.java:213)
	at org.netbeans.core.NbLifecycleManager.exit(NbLifecycleManager.java:119)
	at org.netbeans.core.windows.view.ui.MainWindow$9.windowClosing(MainWindow.java:525)
	at java.awt.AWTEventMulticaster.windowClosing(AWTEventMulticaster.java:350)
	at java.awt.AWTEventMulticaster.windowClosing(AWTEventMulticaster.java:349)
	at java.awt.Window.processWindowEvent(Window.java:2058)
	at javax.swing.JFrame.processWindowEvent(JFrame.java:297)
	at java.awt.Window.processEvent(Window.java:2017)
	at java.awt.Component.dispatchEventImpl(Component.java:4883)
	at java.awt.Container.dispatchEventImpl(Container.java:2292)
	at java.awt.Window.dispatchEventImpl(Window.java:2739)
	at java.awt.Component.dispatchEvent(Component.java:4705)
	at java.awt.EventQueue.dispatchEventImpl(EventQueue.java:746)
	at java.awt.EventQueue.access$400(EventQueue.java:97)
	at java.awt.EventQueue$3.run(EventQueue.java:697)
	at java.awt.EventQueue$3.run(EventQueue.java:691)
	at java.security.AccessController.doPrivileged(Native Method)
	at java.security.ProtectionDomain$1.doIntersectionPrivilege(ProtectionDomain.java:75)
	at java.security.ProtectionDomain$1.doIntersectionPrivilege(ProtectionDomain.java:86)
	at java.awt.EventQueue$4.run(EventQueue.java:719)
	at java.awt.EventQueue$4.run(EventQueue.java:717)
	at java.security.AccessController.doPrivileged(Native Method)
	at java.security.ProtectionDomain$1.doIntersectionPrivilege(ProtectionDomain.java:75)
	at java.awt.EventQueue.dispatchEvent(EventQueue.java:716)
	at oracle.javatools.internal.ui.EventQueueWrapper._dispatchEvent(EventQueueWrapper.java:169)
	at oracle.javatools.internal.ui.EventQueueWrapper.dispatchEvent(EventQueueWrapper.java:151)
	at java.awt.EventDispatchThread.pumpOneEventForFilters(EventDispatchThread.java:201)
	at java.awt.EventDispatchThread.pumpEventsForFilter(EventDispatchThread.java:116)
	at java.awt.EventDispatchThread.pumpEventsForHierarchy(EventDispatchThread.java:105)
	at java.awt.EventDispatchThread.pumpEvents(EventDispatchThread.java:101)
	at java.awt.EventDispatchThread.pumpEvents(EventDispatchThread.java:93)
	at java.awt.EventDispatchThread.run(EventDispatchThread.java:82)
2016-10-24 18:36:49,034 [AWT-EventQueue-0] ERROR ControllerApplication - Error Closing Design!
java.lang.NullPointerException
	at javax.swing.JComponent.getComponentGraphics(JComponent.java:737)
	at javax.swing.JComponent.paint(JComponent.java:998)
	at javax.swing.JComponent.update(JComponent.java:962)
	at oracle.dbtools.crest.swingui.ApplicationView.removeDesign(ApplicationView.java:2647)
	at oracle.dbtools.crest.swingui.ControllerApplication$CloseDesign.execute(ControllerApplication.java:2651)
	at oracle.dbtools.crest.swingui.ApplicationView.closeAllDesigns(ApplicationView.java:2673)
	at oracle.dbtools.crest.swingui.ApplicationView.exitApplication(ApplicationView.java:1975)
	at oracle.dbtools.crest.fcp.DataModelerAddin.canShutdown(DataModelerAddin.java:2776)
	at oracle.ide.cmd.ExitCommand.canShutdown(ExitCommand.java:252)
	at oracle.ide.cmd.ExitCommand.doit(ExitCommand.java:509)
	at oracle.ide.controller.CommandProcessor.invoke(CommandProcessor.java:377)
	at oracle.ide.IdeCore.quit(IdeCore.java:838)
	at oracle.ide.Ide.quit(Ide.java:653)
	at com.oracle.jdeveloper.nbwindowsystem.Installer.closing(Installer.java:94)
	at org.netbeans.core.startup.NbInstaller.closing(NbInstaller.java:707)
	at org.netbeans.ModuleManager.shutDownAsync(ModuleManager.java:2163)
	at org.netbeans.core.startup.ModuleSystem.shutDownAsync(ModuleSystem.java:349)
	at org.netbeans.core.NbLifeExit.doExit(NbLifeExit.java:137)
	at org.netbeans.core.NbLifeExit.run(NbLifeExit.java:94)
	at org.netbeans.modules.openide.util.NbMutexEventProvider$Event.doEvent(NbMutexEventProvider.java:118)
	at org.netbeans.modules.openide.util.NbMutexEventProvider$Event.readAccess(NbMutexEventProvider.java:93)
	at org.netbeans.modules.openide.util.LazyMutexImplementation.readAccess(LazyMutexImplementation.java:89)
	at org.openide.util.Mutex.readAccess(Mutex.java:260)
	at org.netbeans.core.NbLifecycleManager.exit(NbLifecycleManager.java:213)
	at org.netbeans.core.NbLifecycleManager.exit(NbLifecycleManager.java:119)
	at org.netbeans.core.windows.view.ui.MainWindow$9.windowClosing(MainWindow.java:525)
	at java.awt.AWTEventMulticaster.windowClosing(AWTEventMulticaster.java:350)
	at java.awt.AWTEventMulticaster.windowClosing(AWTEventMulticaster.java:349)
	at java.awt.Window.processWindowEvent(Window.java:2058)
	at javax.swing.JFrame.processWindowEvent(JFrame.java:297)
	at java.awt.Window.processEvent(Window.java:2017)
	at java.awt.Component.dispatchEventImpl(Component.java:4883)
	at java.awt.Container.dispatchEventImpl(Container.java:2292)
	at java.awt.Window.dispatchEventImpl(Window.java:2739)
	at java.awt.Component.dispatchEvent(Component.java:4705)
	at java.awt.EventQueue.dispatchEventImpl(EventQueue.java:746)
	at java.awt.EventQueue.access$400(EventQueue.java:97)
	at java.awt.EventQueue$3.run(EventQueue.java:697)
	at java.awt.EventQueue$3.run(EventQueue.java:691)
	at java.security.AccessController.doPrivileged(Native Method)
	at java.security.ProtectionDomain$1.doIntersectionPrivilege(ProtectionDomain.java:75)
	at java.security.ProtectionDomain$1.doIntersectionPrivilege(ProtectionDomain.java:86)
	at java.awt.EventQueue$4.run(EventQueue.java:719)
	at java.awt.EventQueue$4.run(EventQueue.java:717)
	at java.security.AccessController.doPrivileged(Native Method)
	at java.security.ProtectionDomain$1.doIntersectionPrivilege(ProtectionDomain.java:75)
	at java.awt.EventQueue.dispatchEvent(EventQueue.java:716)
	at oracle.javatools.internal.ui.EventQueueWrapper._dispatchEvent(EventQueueWrapper.java:169)
	at oracle.javatools.internal.ui.EventQueueWrapper.dispatchEvent(EventQueueWrapper.java:151)
	at java.awt.EventDispatchThread.pumpOneEventForFilters(EventDispatchThread.java:201)
	at java.awt.EventDispatchThread.pumpEventsForFilter(EventDispatchThread.java:116)
	at java.awt.EventDispatchThread.pumpEventsForHierarchy(EventDispatchThread.java:105)
	at java.awt.EventDispatchThread.pumpEvents(EventDispatchThread.java:101)
	at java.awt.EventDispatchThread.pumpEvents(EventDispatchThread.java:93)
	at java.awt.EventDispatchThread.run(EventDispatchThread.java:82)
2016-10-24 18:36:57,873 [main] INFO  ApplicationView - Oracle SQL Developer Data Modeler 4.1.3.901
2016-11-02 16:06:24,387 [main] INFO  ApplicationView - Oracle SQL Developer Data Modeler 4.1.3.901
2016-11-23 17:00:15,250 [main] INFO  ApplicationView - Oracle SQL Developer Data Modeler 4.1.3.901
2016-11-23 17:10:27,562 [Thread-23] ERROR XMLTransformationManager - Can not write document to file: C:\ElectionModel.dmd
java.io.FileNotFoundException: C:\ElectionModel.dmd (Access is denied)
	at java.io.FileOutputStream.open(Native Method)
	at java.io.FileOutputStream.<init>(FileOutputStream.java:206)
	at java.io.FileOutputStream.<init>(FileOutputStream.java:156)
	at oracle.dbtools.crest.model.metadata.XMLTransformationManager.saveContentOfObject(XMLTransformationManager.java:4820)
	at oracle.dbtools.crest.model.metadata.XMLTransformationManager.saveObject(XMLTransformationManager.java:2171)
	at oracle.dbtools.crest.model.metadata.XMLTransformationManager.saveDesign(XMLTransformationManager.java:680)
	at oracle.dbtools.crest.model.design.Design.saveAll(Design.java:2131)
	at oracle.dbtools.crest.swingui.ControllerApplication.saveAll(ControllerApplication.java:4022)
	at oracle.dbtools.crest.swingui.ControllerApplication.saveAsDesign(ControllerApplication.java:3838)
	at oracle.dbtools.crest.swingui.ControllerApplication.access$6200(ControllerApplication.java:122)
	at oracle.dbtools.crest.swingui.ControllerApplication$SaveAs$1.run(ControllerApplication.java:3704)
2016-11-23 17:44:59,788 [Thread-32] ERROR XMLTransformationManager - Unable to load object from XML: C:\CS327E\_Models\Oct10PersonApplication\Oct10PersonDataModel\datatypes\subviews\dwsync.xml
java.io.FileNotFoundException: C:\CS327E\_Models\Oct10PersonApplication\Oct10PersonDataModel\datatypes\subviews\dwsync.xml (The system cannot find the file specified)
	at java.io.FileInputStream.open(Native Method)
	at java.io.FileInputStream.<init>(FileInputStream.java:131)
	at oracle.dbtools.crest.model.metadata.XMLToObjectTransformer.transformToObject(XMLToObjectTransformer.java:129)
	at oracle.dbtools.crest.model.metadata.XMLToObjectTransformer.transformToObject(XMLToObjectTransformer.java:125)
	at oracle.dbtools.crest.model.metadata.XMLTransformationManager.transformFromXMLToObject(XMLTransformationManager.java:2287)
	at oracle.dbtools.crest.model.metadata.XMLTransformationManager.transformFromXMLToObject(XMLTransformationManager.java:2235)
	at oracle.dbtools.crest.model.metadata.XMLTransformationManager.openDesignPartManyFiles(XMLTransformationManager.java:3957)
	at oracle.dbtools.crest.model.metadata.XMLTransformationManager.openDesignPart(XMLTransformationManager.java:3651)
	at oracle.dbtools.crest.model.design.Design.openDesign(Design.java:1464)
	at oracle.dbtools.crest.swingui.ControllerApplication$1.run(ControllerApplication.java:2449)
2016-11-23 17:44:59,863 [Thread-32] ERROR XMLTransformationManager - Unable to load object from XML: C:\CS327E\_Models\Oct10PersonApplication\Oct10PersonDataModel\logical\subviews\dwsync.xml
java.io.FileNotFoundException: C:\CS327E\_Models\Oct10PersonApplication\Oct10PersonDataModel\logical\subviews\dwsync.xml (The system cannot find the file specified)
	at java.io.FileInputStream.open(Native Method)
	at java.io.FileInputStream.<init>(FileInputStream.java:131)
	at oracle.dbtools.crest.model.metadata.XMLToObjectTransformer.transformToObject(XMLToObjectTransformer.java:129)
	at oracle.dbtools.crest.model.metadata.XMLToObjectTransformer.transformToObject(XMLToObjectTransformer.java:125)
	at oracle.dbtools.crest.model.metadata.XMLTransformationManager.transformFromXMLToObject(XMLTransformationManager.java:2287)
	at oracle.dbtools.crest.model.metadata.XMLTransformationManager.transformFromXMLToObject(XMLTransformationManager.java:2235)
	at oracle.dbtools.crest.model.metadata.XMLTransformationManager.openDesignPartManyFiles(XMLTransformationManager.java:3957)
	at oracle.dbtools.crest.model.metadata.XMLTransformationManager.openDesignPart(XMLTransformationManager.java:3651)
	at oracle.dbtools.crest.model.design.Design.openDesign(Design.java:1472)
	at oracle.dbtools.crest.swingui.ControllerApplication$1.run(ControllerApplication.java:2449)
2016-11-23 17:44:59,987 [Thread-32] ERROR XMLTransformationManager - Unable to load object from XML: C:\CS327E\_Models\Oct10PersonApplication\Oct10PersonDataModel\rel\C440380F-46B9CB6D7A07\subviews\dwsync.xml
java.io.FileNotFoundException: C:\CS327E\_Models\Oct10PersonApplication\Oct10PersonDataModel\rel\C440380F-46B9CB6D7A07\subviews\dwsync.xml (The system cannot find the file specified)
	at java.io.FileInputStream.open(Native Method)
	at java.io.FileInputStream.<init>(FileInputStream.java:131)
	at oracle.dbtools.crest.model.metadata.XMLToObjectTransformer.transformToObject(XMLToObjectTransformer.java:129)
	at oracle.dbtools.crest.model.metadata.XMLToObjectTransformer.transformToObject(XMLToObjectTransformer.java:125)
	at oracle.dbtools.crest.model.metadata.XMLTransformationManager.transformFromXMLToObject(XMLTransformationManager.java:2287)
	at oracle.dbtools.crest.model.metadata.XMLTransformationManager.transformFromXMLToObject(XMLTransformationManager.java:2235)
	at oracle.dbtools.crest.model.metadata.XMLTransformationManager.openDesignPartManyFiles(XMLTransformationManager.java:3957)
	at oracle.dbtools.crest.model.metadata.XMLTransformationManager.openDesignPart(XMLTransformationManager.java:3651)
	at oracle.dbtools.crest.model.design.Design.openDesign(Design.java:1505)
	at oracle.dbtools.crest.swingui.ControllerApplication$1.run(ControllerApplication.java:2449)
2016-11-28 12:11:07,147 [AWT-EventQueue-0] ERROR ControllerApplication - Error Closing Design!
java.lang.NullPointerException
	at javax.swing.JComponent.getComponentGraphics(JComponent.java:737)
	at javax.swing.JComponent.paint(JComponent.java:998)
	at javax.swing.JComponent.update(JComponent.java:962)
	at oracle.dbtools.crest.swingui.ApplicationView.removeDesign(ApplicationView.java:2647)
	at oracle.dbtools.crest.swingui.ControllerApplication$CloseDesign.execute(ControllerApplication.java:2651)
	at oracle.dbtools.crest.swingui.ApplicationView.closeAllDesigns(ApplicationView.java:2673)
	at oracle.dbtools.crest.swingui.ApplicationView.exitApplication(ApplicationView.java:1975)
	at oracle.dbtools.crest.fcp.DataModelerAddin.canShutdown(DataModelerAddin.java:2776)
	at oracle.ide.cmd.ExitCommand.canShutdown(ExitCommand.java:252)
	at oracle.ide.cmd.ExitCommand.doit(ExitCommand.java:509)
	at oracle.ide.controller.CommandProcessor.invoke(CommandProcessor.java:377)
	at oracle.ide.IdeCore.quit(IdeCore.java:838)
	at oracle.ide.Ide.quit(Ide.java:653)
	at com.oracle.jdeveloper.nbwindowsystem.Installer.closing(Installer.java:94)
	at org.netbeans.core.startup.NbInstaller.closing(NbInstaller.java:707)
	at org.netbeans.ModuleManager.shutDownAsync(ModuleManager.java:2163)
	at org.netbeans.core.startup.ModuleSystem.shutDownAsync(ModuleSystem.java:349)
	at org.netbeans.core.NbLifeExit.doExit(NbLifeExit.java:137)
	at org.netbeans.core.NbLifeExit.run(NbLifeExit.java:94)
	at org.netbeans.modules.openide.util.NbMutexEventProvider$Event.doEvent(NbMutexEventProvider.java:118)
	at org.netbeans.modules.openide.util.NbMutexEventProvider$Event.readAccess(NbMutexEventProvider.java:93)
	at org.netbeans.modules.openide.util.LazyMutexImplementation.readAccess(LazyMutexImplementation.java:89)
	at org.openide.util.Mutex.readAccess(Mutex.java:260)
	at org.netbeans.core.NbLifecycleManager.exit(NbLifecycleManager.java:213)
	at org.netbeans.core.NbLifecycleManager.exit(NbLifecycleManager.java:119)
	at org.netbeans.core.windows.view.ui.MainWindow$9.windowClosing(MainWindow.java:525)
	at java.awt.AWTEventMulticaster.windowClosing(AWTEventMulticaster.java:350)
	at java.awt.AWTEventMulticaster.windowClosing(AWTEventMulticaster.java:349)
	at java.awt.Window.processWindowEvent(Window.java:2058)
	at javax.swing.JFrame.processWindowEvent(JFrame.java:297)
	at java.awt.Window.processEvent(Window.java:2017)
	at java.awt.Component.dispatchEventImpl(Component.java:4883)
	at java.awt.Container.dispatchEventImpl(Container.java:2292)
	at java.awt.Window.dispatchEventImpl(Window.java:2739)
	at java.awt.Component.dispatchEvent(Component.java:4705)
	at java.awt.EventQueue.dispatchEventImpl(EventQueue.java:746)
	at java.awt.EventQueue.access$400(EventQueue.java:97)
	at java.awt.EventQueue$3.run(EventQueue.java:697)
	at java.awt.EventQueue$3.run(EventQueue.java:691)
	at java.security.AccessController.doPrivileged(Native Method)
	at java.security.ProtectionDomain$1.doIntersectionPrivilege(ProtectionDomain.java:75)
	at java.security.ProtectionDomain$1.doIntersectionPrivilege(ProtectionDomain.java:86)
	at java.awt.EventQueue$4.run(EventQueue.java:719)
	at java.awt.EventQueue$4.run(EventQueue.java:717)
	at java.security.AccessController.doPrivileged(Native Method)
	at java.security.ProtectionDomain$1.doIntersectionPrivilege(ProtectionDomain.java:75)
	at java.awt.EventQueue.dispatchEvent(EventQueue.java:716)
	at oracle.javatools.internal.ui.EventQueueWrapper._dispatchEvent(EventQueueWrapper.java:169)
	at oracle.javatools.internal.ui.EventQueueWrapper.dispatchEvent(EventQueueWrapper.java:151)
	at java.awt.EventDispatchThread.pumpOneEventForFilters(EventDispatchThread.java:201)
	at java.awt.EventDispatchThread.pumpEventsForFilter(EventDispatchThread.java:116)
	at java.awt.EventDispatchThread.pumpEventsForHierarchy(EventDispatchThread.java:105)
	at java.awt.EventDispatchThread.pumpEvents(EventDispatchThread.java:101)
	at java.awt.EventDispatchThread.pumpEvents(EventDispatchThread.java:93)
	at java.awt.EventDispatchThread.run(EventDispatchThread.java:82)
2016-11-28 12:11:07,240 [AWT-EventQueue-0] ERROR ControllerApplication - Error Closing Design!
java.lang.NullPointerException
	at javax.swing.JComponent.getComponentGraphics(JComponent.java:737)
	at javax.swing.JComponent.paint(JComponent.java:998)
	at javax.swing.JComponent.update(JComponent.java:962)
	at oracle.dbtools.crest.swingui.ApplicationView.removeDesign(ApplicationView.java:2647)
	at oracle.dbtools.crest.swingui.ControllerApplication$CloseDesign.execute(ControllerApplication.java:2651)
	at oracle.dbtools.crest.swingui.ApplicationView.closeAllDesigns(ApplicationView.java:2673)
	at oracle.dbtools.crest.swingui.ApplicationView.exitApplication(ApplicationView.java:1975)
	at oracle.dbtools.crest.fcp.DataModelerAddin.canShutdown(DataModelerAddin.java:2776)
	at oracle.ide.cmd.ExitCommand.canShutdown(ExitCommand.java:252)
	at oracle.ide.cmd.ExitCommand.doit(ExitCommand.java:509)
	at oracle.ide.controller.CommandProcessor.invoke(CommandProcessor.java:377)
	at oracle.ide.IdeCore.quit(IdeCore.java:838)
	at oracle.ide.Ide.quit(Ide.java:653)
	at com.oracle.jdeveloper.nbwindowsystem.Installer.closing(Installer.java:94)
	at org.netbeans.core.startup.NbInstaller.closing(NbInstaller.java:707)
	at org.netbeans.ModuleManager.shutDownAsync(ModuleManager.java:2163)
	at org.netbeans.core.startup.ModuleSystem.shutDownAsync(ModuleSystem.java:349)
	at org.netbeans.core.NbLifeExit.doExit(NbLifeExit.java:137)
	at org.netbeans.core.NbLifeExit.run(NbLifeExit.java:94)
	at org.netbeans.modules.openide.util.NbMutexEventProvider$Event.doEvent(NbMutexEventProvider.java:118)
	at org.netbeans.modules.openide.util.NbMutexEventProvider$Event.readAccess(NbMutexEventProvider.java:93)
	at org.netbeans.modules.openide.util.LazyMutexImplementation.readAccess(LazyMutexImplementation.java:89)
	at org.openide.util.Mutex.readAccess(Mutex.java:260)
	at org.netbeans.core.NbLifecycleManager.exit(NbLifecycleManager.java:213)
	at org.netbeans.core.NbLifecycleManager.exit(NbLifecycleManager.java:119)
	at org.netbeans.core.windows.view.ui.MainWindow$9.windowClosing(MainWindow.java:525)
	at java.awt.AWTEventMulticaster.windowClosing(AWTEventMulticaster.java:350)
	at java.awt.AWTEventMulticaster.windowClosing(AWTEventMulticaster.java:349)
	at java.awt.Window.processWindowEvent(Window.java:2058)
	at javax.swing.JFrame.processWindowEvent(JFrame.java:297)
	at java.awt.Window.processEvent(Window.java:2017)
	at java.awt.Component.dispatchEventImpl(Component.java:4883)
	at java.awt.Container.dispatchEventImpl(Container.java:2292)
	at java.awt.Window.dispatchEventImpl(Window.java:2739)
	at java.awt.Component.dispatchEvent(Component.java:4705)
	at java.awt.EventQueue.dispatchEventImpl(EventQueue.java:746)
	at java.awt.EventQueue.access$400(EventQueue.java:97)
	at java.awt.EventQueue$3.run(EventQueue.java:697)
	at java.awt.EventQueue$3.run(EventQueue.java:691)
	at java.security.AccessController.doPrivileged(Native Method)
	at java.security.ProtectionDomain$1.doIntersectionPrivilege(ProtectionDomain.java:75)
	at java.security.ProtectionDomain$1.doIntersectionPrivilege(ProtectionDomain.java:86)
	at java.awt.EventQueue$4.run(EventQueue.java:719)
	at java.awt.EventQueue$4.run(EventQueue.java:717)
	at java.security.AccessController.doPrivileged(Native Method)
	at java.security.ProtectionDomain$1.doIntersectionPrivilege(ProtectionDomain.java:75)
	at java.awt.EventQueue.dispatchEvent(EventQueue.java:716)
	at oracle.javatools.internal.ui.EventQueueWrapper._dispatchEvent(EventQueueWrapper.java:169)
	at oracle.javatools.internal.ui.EventQueueWrapper.dispatchEvent(EventQueueWrapper.java:151)
	at java.awt.EventDispatchThread.pumpOneEventForFilters(EventDispatchThread.java:201)
	at java.awt.EventDispatchThread.pumpEventsForFilter(EventDispatchThread.java:116)
	at java.awt.EventDispatchThread.pumpEventsForHierarchy(EventDispatchThread.java:105)
	at java.awt.EventDispatchThread.pumpEvents(EventDispatchThread.java:101)
	at java.awt.EventDispatchThread.pumpEvents(EventDispatchThread.java:93)
	at java.awt.EventDispatchThread.run(EventDispatchThread.java:82)
2016-11-29 17:16:33,034 [main] INFO  ApplicationView - Oracle SQL Developer Data Modeler 4.1.3.901
2016-11-29 17:20:18,037 [Thread-23] ERROR UDPLibrariesPersistence - Problem with design /files directory /nC:\CS327E\_Projects\DB_FinalProject\Data Model\ElectionModel\dl_settings\files
2016-11-29 17:20:21,110 [Thread-23] ERROR FileManager - getDataInputStream: Can not read data
java.io.FileNotFoundException: C:\CS327E\_Projects\DB_FinalProject\Data Model\ElectionModel\dl_settings\rdbms\dl_settings_RDBMSSites.xml (The system cannot find the path specified)
	at java.io.FileInputStream.open(Native Method)
	at java.io.FileInputStream.<init>(FileInputStream.java:131)
	at oracle.dbtools.crest.model.persistence.FileManager.getDataInputStream(FileManager.java:295)
	at oracle.dbtools.crest.model.persistence.FileManager.getDataInputStreamWithoutExtension(FileManager.java:264)
	at oracle.dbtools.crest.model.persistence.XMLPersistenceManager.getInputStreamFor(XMLPersistenceManager.java:898)
	at oracle.dbtools.crest.model.persistence.xml.AbstractXMLReader.getInputStreamFor(AbstractXMLReader.java:216)
	at oracle.dbtools.crest.model.persistence.xml.AbstractXMLReader.recreateObject(AbstractXMLReader.java:143)
	at oracle.dbtools.crest.model.persistence.xml.AbstractXMLReader.handleRecreateObject(AbstractXMLReader.java:108)
	at oracle.dbtools.crest.model.persistence.XMLPersistenceManager.read(XMLPersistenceManager.java:538)
	at oracle.dbtools.crest.model.design.Design.loadRDBMSSites(Design.java:1871)
	at oracle.dbtools.crest.model.design.Design.openDesign(Design.java:1434)
	at oracle.dbtools.crest.swingui.ControllerApplication$1.run(ControllerApplication.java:2449)
2016-11-29 17:20:21,126 [Thread-23] ERROR AbstractXMLReader - Data inputstream is null (path: dl_settings/rdbms name: dl_settings_RDBMSSites)
2016-11-29 17:20:21,126 [Thread-23] ERROR AbstractXMLReader - No reader for: java.lang.String
2016-11-29 17:20:21,126 [Thread-23] ERROR FileManager - getDataInputStream: Can not read data
java.io.FileNotFoundException: C:\CS327E\_Projects\DB_FinalProject\Data Model\ElectionModel\dl_settings\businessinfo\Business Information.xml (The system cannot find the path specified)
	at java.io.FileInputStream.open(Native Method)
	at java.io.FileInputStream.<init>(FileInputStream.java:131)
	at oracle.dbtools.crest.model.persistence.FileManager.getDataInputStream(FileManager.java:295)
	at oracle.dbtools.crest.model.persistence.FileManager.getDataInputStreamWithoutExtension(FileManager.java:264)
	at oracle.dbtools.crest.model.persistence.XMLPersistenceManager.getInputStreamFor(XMLPersistenceManager.java:898)
	at oracle.dbtools.crest.model.persistence.xml.AbstractXMLReader.getInputStreamFor(AbstractXMLReader.java:216)
	at oracle.dbtools.crest.model.persistence.xml.AbstractXMLReader.recreateDesign(AbstractXMLReader.java:192)
	at oracle.dbtools.crest.model.businessinfo.BusinessInfoDesign.load(BusinessInfoDesign.java:124)
	at oracle.dbtools.crest.model.design.Design.openDesign(Design.java:1454)
	at oracle.dbtools.crest.swingui.ControllerApplication$1.run(ControllerApplication.java:2449)
2016-11-29 17:20:21,126 [Thread-23] ERROR AbstractXMLReader - Data inputstream is null (path: dl_settings/businessinfo name: Business Information)
2016-11-29 17:20:21,126 [Thread-23] ERROR FileManager - getDataInputStream: Can not read data
java.io.FileNotFoundException: C:\CS327E\_Projects\DB_FinalProject\Data Model\ElectionModel\dl_settings\datatypes\DataTypes.xml (The system cannot find the path specified)
	at java.io.FileInputStream.open(Native Method)
	at java.io.FileInputStream.<init>(FileInputStream.java:131)
	at oracle.dbtools.crest.model.persistence.FileManager.getDataInputStream(FileManager.java:295)
	at oracle.dbtools.crest.model.persistence.FileManager.getDataInputStreamWithoutExtension(FileManager.java:264)
	at oracle.dbtools.crest.model.persistence.XMLPersistenceManager.getInputStreamFor(XMLPersistenceManager.java:898)
	at oracle.dbtools.crest.model.persistence.xml.AbstractXMLReader.getInputStreamFor(AbstractXMLReader.java:216)
	at oracle.dbtools.crest.model.persistence.xml.AbstractXMLReader.recreateDesign(AbstractXMLReader.java:192)
	at oracle.dbtools.crest.model.design.datatypes.DataTypesDesign.load(DataTypesDesign.java:257)
	at oracle.dbtools.crest.model.design.Design.openDesign(Design.java:1462)
	at oracle.dbtools.crest.swingui.ControllerApplication$1.run(ControllerApplication.java:2449)
2016-11-29 17:20:21,126 [Thread-23] ERROR AbstractXMLReader - Data inputstream is null (path: dl_settings/datatypes name: DataTypes)
2016-11-29 17:20:21,141 [Thread-23] ERROR FileManager - getDataInputStream: Can not read data
java.io.FileNotFoundException: C:\CS327E\_Projects\DB_FinalProject\Data Model\ElectionModel\dl_settings\logical\Logical.xml (The system cannot find the path specified)
	at java.io.FileInputStream.open(Native Method)
	at java.io.FileInputStream.<init>(FileInputStream.java:131)
	at oracle.dbtools.crest.model.persistence.FileManager.getDataInputStream(FileManager.java:295)
	at oracle.dbtools.crest.model.persistence.FileManager.getDataInputStreamWithoutExtension(FileManager.java:264)
	at oracle.dbtools.crest.model.persistence.XMLPersistenceManager.getInputStreamFor(XMLPersistenceManager.java:898)
	at oracle.dbtools.crest.model.persistence.xml.AbstractXMLReader.getInputStreamFor(AbstractXMLReader.java:216)
	at oracle.dbtools.crest.model.persistence.xml.AbstractXMLReader.recreateDesign(AbstractXMLReader.java:192)
	at oracle.dbtools.crest.model.design.DesignPart.load(DesignPart.java:515)
	at oracle.dbtools.crest.model.design.Design.openDesign(Design.java:1470)
	at oracle.dbtools.crest.swingui.ControllerApplication$1.run(ControllerApplication.java:2449)
2016-11-29 17:20:21,141 [Thread-23] ERROR AbstractXMLReader - Data inputstream is null (path: dl_settings/logical name: Logical)
2016-11-29 17:20:21,141 [Thread-23] ERROR FileManager - getDataInputStream: Can not read data
java.io.FileNotFoundException: C:\CS327E\_Projects\DB_FinalProject\Data Model\ElectionModel\dl_settings\mapping\ExtendedMap.xml (The system cannot find the path specified)
	at java.io.FileInputStream.open(Native Method)
	at java.io.FileInputStream.<init>(FileInputStream.java:131)
	at oracle.dbtools.crest.model.persistence.FileManager.getDataInputStream(FileManager.java:295)
	at oracle.dbtools.crest.model.persistence.FileManager.getDataInputStreamWithoutExtension(FileManager.java:264)
	at oracle.dbtools.crest.model.persistence.XMLPersistenceManager.getInputStreamFor(XMLPersistenceManager.java:898)
	at oracle.dbtools.crest.model.persistence.xml.AbstractXMLReader.getInputStreamFor(AbstractXMLReader.java:216)
	at oracle.dbtools.crest.model.persistence.xml.AbstractXMLReader.recreateDesign(AbstractXMLReader.java:192)
	at oracle.dbtools.crest.model.xtdmapping.ExtendedMapBase.load(ExtendedMapBase.java:410)
	at oracle.dbtools.crest.model.design.Design.openDesign(Design.java:1558)
	at oracle.dbtools.crest.swingui.ControllerApplication$1.run(ControllerApplication.java:2449)
2016-11-29 17:20:21,141 [Thread-23] ERROR AbstractXMLReader - Data inputstream is null (path: dl_settings/mapping name: ExtendedMap)
2016-11-29 17:20:21,141 [Thread-23] ERROR FileManager - getDataInputStream: Can not read data
java.io.FileNotFoundException: C:\CS327E\_Projects\DB_FinalProject\Data Model\ElectionModel\dl_settings\processmodel\893037BE-FBFB-A5DF-BC12-74938CFAA72C.xml (The system cannot find the path specified)
	at java.io.FileInputStream.open(Native Method)
	at java.io.FileInputStream.<init>(FileInputStream.java:131)
	at oracle.dbtools.crest.model.persistence.FileManager.getDataInputStream(FileManager.java:295)
	at oracle.dbtools.crest.model.persistence.FileManager.getDataInputStreamWithoutExtension(FileManager.java:264)
	at oracle.dbtools.crest.model.persistence.XMLPersistenceManager.getInputStreamFor(XMLPersistenceManager.java:898)
	at oracle.dbtools.crest.model.persistence.xml.AbstractXMLReader.getInputStreamFor(AbstractXMLReader.java:216)
	at oracle.dbtools.crest.model.persistence.xml.AbstractXMLReader.recreateDesign(AbstractXMLReader.java:192)
	at oracle.dbtools.crest.model.design.process.ProcessModel.load(ProcessModel.java:592)
	at oracle.dbtools.crest.model.design.Design.openDesign(Design.java:1603)
	at oracle.dbtools.crest.swingui.ControllerApplication$1.run(ControllerApplication.java:2449)
2016-11-29 17:20:21,141 [Thread-23] ERROR AbstractXMLReader - Data inputstream is null (path: dl_settings/processmodel name: 893037BE-FBFB-A5DF-BC12-74938CFAA72C)
2016-11-29 17:20:21,141 [Thread-23] ERROR FileManager - getDataInputStream: Can not read data
java.io.FileNotFoundException: C:\CS327E\_Projects\DB_FinalProject\Data Model\ElectionModel\dl_settings\processmodel\dataflows\92E0B1BA-6A30-35E7-0497-B6694ECB29A4.xml (The system cannot find the path specified)
	at java.io.FileInputStream.open(Native Method)
	at java.io.FileInputStream.<init>(FileInputStream.java:131)
	at oracle.dbtools.crest.model.persistence.FileManager.getDataInputStream(FileManager.java:295)
	at oracle.dbtools.crest.model.persistence.FileManager.getDataInputStreamWithoutExtension(FileManager.java:264)
	at oracle.dbtools.crest.model.persistence.XMLPersistenceManager.getInputStreamFor(XMLPersistenceManager.java:898)
	at oracle.dbtools.crest.model.persistence.xml.AbstractXMLReader.getInputStreamFor(AbstractXMLReader.java:216)
	at oracle.dbtools.crest.model.persistence.xml.AbstractXMLReader.recreateDesign(AbstractXMLReader.java:192)
	at oracle.dbtools.crest.model.design.process.DataFlowDesign.load(DataFlowDesign.java:560)
	at oracle.dbtools.crest.model.design.Design.openDesign(Design.java:1623)
	at oracle.dbtools.crest.swingui.ControllerApplication$1.run(ControllerApplication.java:2449)
2016-11-29 17:20:21,141 [Thread-23] ERROR AbstractXMLReader - Data inputstream is null (path: dl_settings/processmodel/dataflows name: 92E0B1BA-6A30-35E7-0497-B6694ECB29A4)
2016-11-29 19:09:26,954 [Thread-47] ERROR XMLTransformationManager - Can not write document to file: C:\HospitalModel.dmd
java.io.FileNotFoundException: C:\HospitalModel.dmd (Access is denied)
	at java.io.FileOutputStream.open(Native Method)
	at java.io.FileOutputStream.<init>(FileOutputStream.java:206)
	at java.io.FileOutputStream.<init>(FileOutputStream.java:156)
	at oracle.dbtools.crest.model.metadata.XMLTransformationManager.saveContentOfObject(XMLTransformationManager.java:4820)
	at oracle.dbtools.crest.model.metadata.XMLTransformationManager.saveObject(XMLTransformationManager.java:2171)
	at oracle.dbtools.crest.model.metadata.XMLTransformationManager.saveDesign(XMLTransformationManager.java:680)
	at oracle.dbtools.crest.model.design.Design.saveAll(Design.java:2131)
	at oracle.dbtools.crest.swingui.ControllerApplication.saveAll(ControllerApplication.java:4022)
	at oracle.dbtools.crest.swingui.ControllerApplication.saveAsDesign(ControllerApplication.java:3838)
	at oracle.dbtools.crest.swingui.ControllerApplication.access$6200(ControllerApplication.java:122)
	at oracle.dbtools.crest.swingui.ControllerApplication$SaveAs$1.run(ControllerApplication.java:3704)
2016-11-30 05:37:08,894 [AWT-EventQueue-0] ERROR ControllerApplication - Error Closing Design!
java.lang.NullPointerException
	at javax.swing.JComponent.getComponentGraphics(JComponent.java:737)
	at javax.swing.JComponent.paint(JComponent.java:998)
	at javax.swing.JComponent.update(JComponent.java:962)
	at oracle.dbtools.crest.swingui.ApplicationView.removeDesign(ApplicationView.java:2647)
	at oracle.dbtools.crest.swingui.ControllerApplication$CloseDesign.execute(ControllerApplication.java:2651)
	at oracle.dbtools.crest.swingui.ApplicationView.closeAllDesigns(ApplicationView.java:2673)
	at oracle.dbtools.crest.swingui.ApplicationView.exitApplication(ApplicationView.java:1975)
	at oracle.dbtools.crest.fcp.DataModelerAddin.canShutdown(DataModelerAddin.java:2776)
	at oracle.ide.cmd.ExitCommand.canShutdown(ExitCommand.java:252)
	at oracle.ide.cmd.ExitCommand.doit(ExitCommand.java:509)
	at oracle.ide.controller.CommandProcessor.invoke(CommandProcessor.java:377)
	at oracle.ide.IdeCore.quit(IdeCore.java:838)
	at oracle.ide.Ide.quit(Ide.java:653)
	at com.oracle.jdeveloper.nbwindowsystem.Installer.closing(Installer.java:94)
	at org.netbeans.core.startup.NbInstaller.closing(NbInstaller.java:707)
	at org.netbeans.ModuleManager.shutDownAsync(ModuleManager.java:2163)
	at org.netbeans.core.startup.ModuleSystem.shutDownAsync(ModuleSystem.java:349)
	at org.netbeans.core.NbLifeExit.doExit(NbLifeExit.java:137)
	at org.netbeans.core.NbLifeExit.run(NbLifeExit.java:94)
	at org.netbeans.modules.openide.util.NbMutexEventProvider$Event.doEvent(NbMutexEventProvider.java:118)
	at org.netbeans.modules.openide.util.NbMutexEventProvider$Event.readAccess(NbMutexEventProvider.java:93)
	at org.netbeans.modules.openide.util.LazyMutexImplementation.readAccess(LazyMutexImplementation.java:89)
	at org.openide.util.Mutex.readAccess(Mutex.java:260)
	at org.netbeans.core.NbLifecycleManager.exit(NbLifecycleManager.java:213)
	at org.netbeans.core.NbLifecycleManager.exit(NbLifecycleManager.java:119)
	at org.netbeans.core.windows.view.ui.MainWindow$9.windowClosing(MainWindow.java:525)
	at java.awt.AWTEventMulticaster.windowClosing(AWTEventMulticaster.java:350)
	at java.awt.AWTEventMulticaster.windowClosing(AWTEventMulticaster.java:349)
	at java.awt.Window.processWindowEvent(Window.java:2058)
	at javax.swing.JFrame.processWindowEvent(JFrame.java:297)
	at java.awt.Window.processEvent(Window.java:2017)
	at java.awt.Component.dispatchEventImpl(Component.java:4883)
	at java.awt.Container.dispatchEventImpl(Container.java:2292)
	at java.awt.Window.dispatchEventImpl(Window.java:2739)
	at java.awt.Component.dispatchEvent(Component.java:4705)
	at java.awt.EventQueue.dispatchEventImpl(EventQueue.java:746)
	at java.awt.EventQueue.access$400(EventQueue.java:97)
	at java.awt.EventQueue$3.run(EventQueue.java:697)
	at java.awt.EventQueue$3.run(EventQueue.java:691)
	at java.security.AccessController.doPrivileged(Native Method)
	at java.security.ProtectionDomain$1.doIntersectionPrivilege(ProtectionDomain.java:75)
	at java.security.ProtectionDomain$1.doIntersectionPrivilege(ProtectionDomain.java:86)
	at java.awt.EventQueue$4.run(EventQueue.java:719)
	at java.awt.EventQueue$4.run(EventQueue.java:717)
	at java.security.AccessController.doPrivileged(Native Method)
	at java.security.ProtectionDomain$1.doIntersectionPrivilege(ProtectionDomain.java:75)
	at java.awt.EventQueue.dispatchEvent(EventQueue.java:716)
	at oracle.javatools.internal.ui.EventQueueWrapper._dispatchEvent(EventQueueWrapper.java:169)
	at oracle.javatools.internal.ui.EventQueueWrapper.dispatchEvent(EventQueueWrapper.java:151)
	at java.awt.EventDispatchThread.pumpOneEventForFilters(EventDispatchThread.java:201)
	at java.awt.EventDispatchThread.pumpEventsForFilter(EventDispatchThread.java:116)
	at java.awt.EventDispatchThread.pumpEventsForHierarchy(EventDispatchThread.java:105)
	at java.awt.EventDispatchThread.pumpEvents(EventDispatchThread.java:101)
	at java.awt.EventDispatchThread.pumpEvents(EventDispatchThread.java:93)
	at java.awt.EventDispatchThread.run(EventDispatchThread.java:82)
2016-11-30 12:56:30,129 [main] INFO  ApplicationView - Oracle SQL Developer Data Modeler 4.1.3.901
2016-12-04 18:45:14,626 [main] INFO  ApplicationView - Oracle SQL Developer Data Modeler 4.1.3.901
2016-12-05 15:02:07,741 [main] INFO  ApplicationView - Oracle SQL Developer Data Modeler 4.1.3.901
2016-12-17 19:45:24,624 [main] INFO  ApplicationView - Oracle SQL Developer Data Modeler 4.1.3.901
